16:05:41.831 [main] INFO  testCase.TC_003_LoginDataDrivenTest - verifying MyAccount label on my account page
16:05:41.870 [main] INFO  testCase.TC_003_LoginDataDrivenTest - validating valid data
16:05:42.109 [main] INFO  testCase.TC_003_LoginDataDrivenTest - ************finished TC_003_LoginDataDrivenTest*****************
16:05:42.114 [main] INFO  testCase.TC_003_LoginDataDrivenTest - *******starting TC_003_LoginDataDrivenTest**********
16:05:42.116 [main] INFO  testCase.TC_003_LoginDataDrivenTest - clicking on my account
16:05:42.153 [main] INFO  testCase.TC_003_LoginDataDrivenTest - clicking on login
16:05:42.366 [main] INFO  testCase.TC_003_LoginDataDrivenTest - entering email id
16:05:42.427 [main] INFO  testCase.TC_003_LoginDataDrivenTest - entering password
16:05:42.474 [main] INFO  testCase.TC_003_LoginDataDrivenTest - clicking on login button
16:05:42.634 [main] INFO  testCase.TC_003_LoginDataDrivenTest - verifying MyAccount label on my account page
16:05:42.654 [main] INFO  testCase.TC_003_LoginDataDrivenTest - validating invalid data
16:05:52.861 [main] INFO  testCase.TC_003_LoginDataDrivenTest - *******starting TC_003_LoginDataDrivenTest**********
16:05:52.861 [main] INFO  testCase.TC_003_LoginDataDrivenTest - clicking on my account
16:05:52.911 [main] INFO  testCase.TC_003_LoginDataDrivenTest - clicking on login
16:05:53.110 [main] INFO  testCase.TC_003_LoginDataDrivenTest - entering email id
16:05:53.189 [main] INFO  testCase.TC_003_LoginDataDrivenTest - entering password
16:05:53.234 [main] INFO  testCase.TC_003_LoginDataDrivenTest - clicking on login button
16:05:53.449 [main] INFO  testCase.TC_003_LoginDataDrivenTest - verifying MyAccount label on my account page
16:05:53.479 [main] INFO  testCase.TC_003_LoginDataDrivenTest - validating valid data
16:05:53.709 [main] INFO  testCase.TC_003_LoginDataDrivenTest - ************finished TC_003_LoginDataDrivenTest*****************
16:07:14.359 [main] INFO  testCase.TC_003_LoginDataDrivenTest - *******starting TC_003_LoginDataDrivenTest**********
16:07:14.378 [main] INFO  testCase.TC_003_LoginDataDrivenTest - clicking on my account
16:07:14.430 [main] INFO  testCase.TC_003_LoginDataDrivenTest - clicking on login
16:07:14.639 [main] INFO  testCase.TC_003_LoginDataDrivenTest - entering email id
16:07:14.740 [main] INFO  testCase.TC_003_LoginDataDrivenTest - entering password
16:07:14.802 [main] INFO  testCase.TC_003_LoginDataDrivenTest - clicking on login button
16:07:14.991 [main] INFO  testCase.TC_003_LoginDataDrivenTest - verifying MyAccount label on my account page
16:07:15.042 [main] INFO  testCase.TC_003_LoginDataDrivenTest - validating invalid data
16:07:25.283 [main] INFO  testCase.TC_003_LoginDataDrivenTest - *******starting TC_003_LoginDataDrivenTest**********
16:07:25.284 [main] INFO  testCase.TC_003_LoginDataDrivenTest - clicking on my account
16:07:25.327 [main] INFO  testCase.TC_003_LoginDataDrivenTest - clicking on login
16:07:25.524 [main] INFO  testCase.TC_003_LoginDataDrivenTest - entering email id
16:07:25.610 [main] INFO  testCase.TC_003_LoginDataDrivenTest - entering password
16:07:25.659 [main] INFO  testCase.TC_003_LoginDataDrivenTest - clicking on login button
16:07:25.886 [main] INFO  testCase.TC_003_LoginDataDrivenTest - verifying MyAccount label on my account page
16:07:25.922 [main] INFO  testCase.TC_003_LoginDataDrivenTest - validating valid data
16:07:26.150 [main] INFO  testCase.TC_003_LoginDataDrivenTest - ************finished TC_003_LoginDataDrivenTest*****************
16:07:26.153 [main] INFO  testCase.TC_003_LoginDataDrivenTest - *******starting TC_003_LoginDataDrivenTest**********
16:07:26.154 [main] INFO  testCase.TC_003_LoginDataDrivenTest - clicking on my account
16:07:26.200 [main] INFO  testCase.TC_003_LoginDataDrivenTest - clicking on login
16:07:26.402 [main] INFO  testCase.TC_003_LoginDataDrivenTest - entering email id
16:07:26.469 [main] INFO  testCase.TC_003_LoginDataDrivenTest - entering password
16:07:26.522 [main] INFO  testCase.TC_003_LoginDataDrivenTest - clicking on login button
16:07:26.705 [main] INFO  testCase.TC_003_LoginDataDrivenTest - verifying MyAccount label on my account page
16:07:26.734 [main] INFO  testCase.TC_003_LoginDataDrivenTest - validating invalid data
16:07:36.959 [main] INFO  testCase.TC_003_LoginDataDrivenTest - *******starting TC_003_LoginDataDrivenTest**********
16:07:36.961 [main] INFO  testCase.TC_003_LoginDataDrivenTest - clicking on my account
16:07:37.010 [main] INFO  testCase.TC_003_LoginDataDrivenTest - clicking on login
16:07:37.186 [main] INFO  testCase.TC_003_LoginDataDrivenTest - entering email id
16:07:37.270 [main] INFO  testCase.TC_003_LoginDataDrivenTest - entering password
16:07:37.317 [main] INFO  testCase.TC_003_LoginDataDrivenTest - clicking on login button
16:07:37.543 [main] INFO  testCase.TC_003_LoginDataDrivenTest - verifying MyAccount label on my account page
16:07:37.574 [main] INFO  testCase.TC_003_LoginDataDrivenTest - validating valid data
16:07:37.808 [main] INFO  testCase.TC_003_LoginDataDrivenTest - ************finished TC_003_LoginDataDrivenTest*****************
16:20:04.713 [main] INFO  testCase.TC_003_LoginDataDrivenTest - *******starting TC_003_LoginDataDrivenTest**********
16:20:04.728 [main] INFO  testCase.TC_003_LoginDataDrivenTest - clicking on my account
16:20:04.772 [main] INFO  testCase.TC_003_LoginDataDrivenTest - clicking on login
16:20:05.021 [main] INFO  testCase.TC_003_LoginDataDrivenTest - entering email id
16:20:05.098 [main] INFO  testCase.TC_003_LoginDataDrivenTest - entering password
16:20:05.155 [main] INFO  testCase.TC_003_LoginDataDrivenTest - clicking on login button
16:20:05.322 [main] INFO  testCase.TC_003_LoginDataDrivenTest - verifying MyAccount label on my account page
16:20:05.369 [main] INFO  testCase.TC_003_LoginDataDrivenTest - validating invalid data
16:20:15.599 [main] INFO  testCase.TC_003_LoginDataDrivenTest - *******starting TC_003_LoginDataDrivenTest**********
16:20:15.599 [main] INFO  testCase.TC_003_LoginDataDrivenTest - clicking on my account
16:20:15.652 [main] INFO  testCase.TC_003_LoginDataDrivenTest - clicking on login
16:20:15.835 [main] INFO  testCase.TC_003_LoginDataDrivenTest - entering email id
16:20:15.915 [main] INFO  testCase.TC_003_LoginDataDrivenTest - entering password
16:20:15.964 [main] INFO  testCase.TC_003_LoginDataDrivenTest - clicking on login button
16:20:16.186 [main] INFO  testCase.TC_003_LoginDataDrivenTest - verifying MyAccount label on my account page
16:20:16.216 [main] INFO  testCase.TC_003_LoginDataDrivenTest - ************finished TC_003_LoginDataDrivenTest*****************
16:20:16.218 [main] INFO  testCase.TC_003_LoginDataDrivenTest - *******starting TC_003_LoginDataDrivenTest**********
16:20:16.218 [main] INFO  testCase.TC_003_LoginDataDrivenTest - clicking on my account
16:20:16.251 [main] INFO  testCase.TC_003_LoginDataDrivenTest - clicking on login
16:20:26.431 [main] INFO  testCase.TC_003_LoginDataDrivenTest - *******starting TC_003_LoginDataDrivenTest**********
16:20:26.431 [main] INFO  testCase.TC_003_LoginDataDrivenTest - clicking on my account
16:20:26.481 [main] INFO  testCase.TC_003_LoginDataDrivenTest - clicking on login
10:54:43.276 [main] INFO  testCase.TC_003_LoginDataDrivenTest - *******starting TC_003_LoginDataDrivenTest**********
10:54:43.306 [main] INFO  testCase.TC_003_LoginDataDrivenTest - clicking on my account
10:54:43.376 [main] INFO  testCase.TC_003_LoginDataDrivenTest - clicking on login
10:54:43.680 [main] INFO  testCase.TC_003_LoginDataDrivenTest - entering email id
10:54:43.777 [main] INFO  testCase.TC_003_LoginDataDrivenTest - entering password
10:54:43.823 [main] INFO  testCase.TC_003_LoginDataDrivenTest - clicking on login button
10:54:44.011 [main] INFO  testCase.TC_003_LoginDataDrivenTest - verifying MyAccount label on my account page
10:54:44.046 [main] INFO  testCase.TC_003_LoginDataDrivenTest - validating invalid data
10:54:54.291 [main] INFO  testCase.TC_003_LoginDataDrivenTest - *******starting TC_003_LoginDataDrivenTest**********
10:54:54.291 [main] INFO  testCase.TC_003_LoginDataDrivenTest - clicking on my account
10:54:54.324 [main] INFO  testCase.TC_003_LoginDataDrivenTest - clicking on login
10:54:54.547 [main] INFO  testCase.TC_003_LoginDataDrivenTest - entering email id
10:54:54.613 [main] INFO  testCase.TC_003_LoginDataDrivenTest - entering password
10:54:54.666 [main] INFO  testCase.TC_003_LoginDataDrivenTest - clicking on login button
10:54:54.898 [main] INFO  testCase.TC_003_LoginDataDrivenTest - verifying MyAccount label on my account page
10:54:54.929 [main] INFO  testCase.TC_003_LoginDataDrivenTest - validating valid data
10:54:55.149 [main] INFO  testCase.TC_003_LoginDataDrivenTest - ************finished TC_003_LoginDataDrivenTest*****************
10:54:55.151 [main] INFO  testCase.TC_003_LoginDataDrivenTest - *******starting TC_003_LoginDataDrivenTest**********
10:54:55.152 [main] INFO  testCase.TC_003_LoginDataDrivenTest - clicking on my account
10:54:55.192 [main] INFO  testCase.TC_003_LoginDataDrivenTest - clicking on login
10:54:55.376 [main] INFO  testCase.TC_003_LoginDataDrivenTest - entering email id
10:54:55.440 [main] INFO  testCase.TC_003_LoginDataDrivenTest - entering password
10:54:55.490 [main] INFO  testCase.TC_003_LoginDataDrivenTest - clicking on login button
10:54:55.663 [main] INFO  testCase.TC_003_LoginDataDrivenTest - verifying MyAccount label on my account page
10:54:55.695 [main] INFO  testCase.TC_003_LoginDataDrivenTest - validating invalid data
10:55:05.862 [main] INFO  testCase.TC_003_LoginDataDrivenTest - *******starting TC_003_LoginDataDrivenTest**********
10:55:05.862 [main] INFO  testCase.TC_003_LoginDataDrivenTest - clicking on my account
10:55:05.905 [main] INFO  testCase.TC_003_LoginDataDrivenTest - clicking on login
10:55:06.074 [main] INFO  testCase.TC_003_LoginDataDrivenTest - entering email id
10:55:06.162 [main] INFO  testCase.TC_003_LoginDataDrivenTest - entering password
10:55:06.214 [main] INFO  testCase.TC_003_LoginDataDrivenTest - clicking on login button
10:55:06.421 [main] INFO  testCase.TC_003_LoginDataDrivenTest - verifying MyAccount label on my account page
10:55:06.453 [main] INFO  testCase.TC_003_LoginDataDrivenTest - validating valid data
10:55:06.669 [main] INFO  testCase.TC_003_LoginDataDrivenTest - ************finished TC_003_LoginDataDrivenTest*****************
11:07:51.347 [main] INFO  testCase.TC_003_LoginDataDrivenTest - *******starting TC_003_LoginDataDrivenTest**********
11:07:51.369 [main] INFO  testCase.TC_003_LoginDataDrivenTest - clicking on my account
11:07:51.422 [main] INFO  testCase.TC_003_LoginDataDrivenTest - clicking on login
11:07:51.709 [main] INFO  testCase.TC_003_LoginDataDrivenTest - entering email id
11:07:51.804 [main] INFO  testCase.TC_003_LoginDataDrivenTest - entering password
11:07:51.861 [main] INFO  testCase.TC_003_LoginDataDrivenTest - clicking on login button
11:07:52.036 [main] INFO  testCase.TC_003_LoginDataDrivenTest - verifying MyAccount label on my account page
11:07:52.082 [main] INFO  testCase.TC_003_LoginDataDrivenTest - validating invalid data
11:08:02.334 [main] INFO  testCase.TC_003_LoginDataDrivenTest - *******starting TC_003_LoginDataDrivenTest**********
11:08:02.334 [main] INFO  testCase.TC_003_LoginDataDrivenTest - clicking on my account
11:08:02.380 [main] INFO  testCase.TC_003_LoginDataDrivenTest - clicking on login
11:08:02.631 [main] INFO  testCase.TC_003_LoginDataDrivenTest - entering email id
11:08:02.704 [main] INFO  testCase.TC_003_LoginDataDrivenTest - entering password
11:08:02.753 [main] INFO  testCase.TC_003_LoginDataDrivenTest - clicking on login button
11:08:02.978 [main] INFO  testCase.TC_003_LoginDataDrivenTest - verifying MyAccount label on my account page
11:08:03.006 [main] INFO  testCase.TC_003_LoginDataDrivenTest - validating valid data
11:08:03.248 [main] INFO  testCase.TC_003_LoginDataDrivenTest - ************finished TC_003_LoginDataDrivenTest*****************
11:08:03.251 [main] INFO  testCase.TC_003_LoginDataDrivenTest - *******starting TC_003_LoginDataDrivenTest**********
11:08:03.252 [main] INFO  testCase.TC_003_LoginDataDrivenTest - clicking on my account
11:08:03.294 [main] INFO  testCase.TC_003_LoginDataDrivenTest - clicking on login
11:08:03.487 [main] INFO  testCase.TC_003_LoginDataDrivenTest - entering email id
11:08:03.545 [main] INFO  testCase.TC_003_LoginDataDrivenTest - entering password
11:08:03.589 [main] INFO  testCase.TC_003_LoginDataDrivenTest - clicking on login button
11:08:03.762 [main] INFO  testCase.TC_003_LoginDataDrivenTest - verifying MyAccount label on my account page
11:08:03.790 [main] INFO  testCase.TC_003_LoginDataDrivenTest - validating invalid data
11:08:14.012 [main] INFO  testCase.TC_003_LoginDataDrivenTest - *******starting TC_003_LoginDataDrivenTest**********
11:08:14.014 [main] INFO  testCase.TC_003_LoginDataDrivenTest - clicking on my account
11:08:14.065 [main] INFO  testCase.TC_003_LoginDataDrivenTest - clicking on login
11:08:14.226 [main] INFO  testCase.TC_003_LoginDataDrivenTest - entering email id
11:08:14.308 [main] INFO  testCase.TC_003_LoginDataDrivenTest - entering password
11:08:14.356 [main] INFO  testCase.TC_003_LoginDataDrivenTest - clicking on login button
11:08:14.571 [main] INFO  testCase.TC_003_LoginDataDrivenTest - verifying MyAccount label on my account page
11:08:14.602 [main] INFO  testCase.TC_003_LoginDataDrivenTest - validating valid data
11:08:14.860 [main] INFO  testCase.TC_003_LoginDataDrivenTest - ************finished TC_003_LoginDataDrivenTest*****************
11:08:52.083 [main] INFO  testCase.TC_003_LoginDataDrivenTest - *******starting TC_003_LoginDataDrivenTest**********
11:08:52.099 [main] INFO  testCase.TC_003_LoginDataDrivenTest - clicking on my account
11:08:52.145 [main] INFO  testCase.TC_003_LoginDataDrivenTest - clicking on login
11:08:52.365 [main] INFO  testCase.TC_003_LoginDataDrivenTest - entering email id
11:08:52.450 [main] INFO  testCase.TC_003_LoginDataDrivenTest - entering password
11:08:52.502 [main] INFO  testCase.TC_003_LoginDataDrivenTest - clicking on login button
11:08:52.687 [main] INFO  testCase.TC_003_LoginDataDrivenTest - verifying MyAccount label on my account page
11:08:52.737 [main] INFO  testCase.TC_003_LoginDataDrivenTest - validating invalid data
11:09:03.001 [main] INFO  testCase.TC_003_LoginDataDrivenTest - *******starting TC_003_LoginDataDrivenTest**********
11:09:03.001 [main] INFO  testCase.TC_003_LoginDataDrivenTest - clicking on my account
11:09:03.050 [main] INFO  testCase.TC_003_LoginDataDrivenTest - clicking on login
11:09:03.242 [main] INFO  testCase.TC_003_LoginDataDrivenTest - entering email id
11:09:03.318 [main] INFO  testCase.TC_003_LoginDataDrivenTest - entering password
11:09:03.366 [main] INFO  testCase.TC_003_LoginDataDrivenTest - clicking on login button
11:09:03.623 [main] INFO  testCase.TC_003_LoginDataDrivenTest - verifying MyAccount label on my account page
11:09:03.651 [main] INFO  testCase.TC_003_LoginDataDrivenTest - ************finished TC_003_LoginDataDrivenTest*****************
11:09:03.654 [main] INFO  testCase.TC_003_LoginDataDrivenTest - *******starting TC_003_LoginDataDrivenTest**********
11:09:03.654 [main] INFO  testCase.TC_003_LoginDataDrivenTest - clicking on my account
11:09:03.685 [main] INFO  testCase.TC_003_LoginDataDrivenTest - clicking on login
11:09:13.912 [main] INFO  testCase.TC_003_LoginDataDrivenTest - *******starting TC_003_LoginDataDrivenTest**********
11:09:13.912 [main] INFO  testCase.TC_003_LoginDataDrivenTest - clicking on my account
11:09:13.953 [main] INFO  testCase.TC_003_LoginDataDrivenTest - clicking on login
06:05:27.822 [main] INFO  testCase.TC_003_LoginDataDrivenTest - *******starting TC_003_LoginDataDrivenTest**********
06:05:27.841 [main] INFO  testCase.TC_003_LoginDataDrivenTest - clicking on my account
06:05:27.908 [main] INFO  testCase.TC_003_LoginDataDrivenTest - clicking on login
06:05:28.345 [main] INFO  testCase.TC_003_LoginDataDrivenTest - entering email id
06:05:28.458 [main] INFO  testCase.TC_003_LoginDataDrivenTest - entering password
06:05:28.534 [main] INFO  testCase.TC_003_LoginDataDrivenTest - clicking on login button
06:05:28.914 [main] INFO  testCase.TC_003_LoginDataDrivenTest - verifying MyAccount label on my account page
06:05:28.978 [main] INFO  testCase.TC_003_LoginDataDrivenTest - validating invalid data
06:05:39.230 [main] INFO  testCase.TC_003_LoginDataDrivenTest - *******starting TC_003_LoginDataDrivenTest**********
06:05:39.230 [main] INFO  testCase.TC_003_LoginDataDrivenTest - clicking on my account
06:05:39.269 [main] INFO  testCase.TC_003_LoginDataDrivenTest - clicking on login
06:05:39.528 [main] INFO  testCase.TC_003_LoginDataDrivenTest - entering email id
06:05:39.638 [main] INFO  testCase.TC_003_LoginDataDrivenTest - entering password
06:05:39.703 [main] INFO  testCase.TC_003_LoginDataDrivenTest - clicking on login button
06:05:40.082 [main] INFO  testCase.TC_003_LoginDataDrivenTest - verifying MyAccount label on my account page
06:05:40.122 [main] INFO  testCase.TC_003_LoginDataDrivenTest - validating valid data
06:05:40.503 [main] INFO  testCase.TC_003_LoginDataDrivenTest - ************finished TC_003_LoginDataDrivenTest*****************
06:05:40.511 [main] INFO  testCase.TC_003_LoginDataDrivenTest - *******starting TC_003_LoginDataDrivenTest**********
06:05:40.512 [main] INFO  testCase.TC_003_LoginDataDrivenTest - clicking on my account
06:05:40.566 [main] INFO  testCase.TC_003_LoginDataDrivenTest - clicking on login
06:05:40.925 [main] INFO  testCase.TC_003_LoginDataDrivenTest - entering email id
06:05:41.013 [main] INFO  testCase.TC_003_LoginDataDrivenTest - entering password
06:05:41.084 [main] INFO  testCase.TC_003_LoginDataDrivenTest - clicking on login button
06:05:41.350 [main] INFO  testCase.TC_003_LoginDataDrivenTest - verifying MyAccount label on my account page
06:05:41.393 [main] INFO  testCase.TC_003_LoginDataDrivenTest - validating invalid data
06:05:51.605 [main] INFO  testCase.TC_003_LoginDataDrivenTest - *******starting TC_003_LoginDataDrivenTest**********
06:05:51.605 [main] INFO  testCase.TC_003_LoginDataDrivenTest - clicking on my account
06:05:51.646 [main] INFO  testCase.TC_003_LoginDataDrivenTest - clicking on login
06:05:51.934 [main] INFO  testCase.TC_003_LoginDataDrivenTest - entering email id
06:05:52.042 [main] INFO  testCase.TC_003_LoginDataDrivenTest - entering password
06:05:52.112 [main] INFO  testCase.TC_003_LoginDataDrivenTest - clicking on login button
06:05:52.521 [main] INFO  testCase.TC_003_LoginDataDrivenTest - verifying MyAccount label on my account page
06:05:52.572 [main] INFO  testCase.TC_003_LoginDataDrivenTest - validating valid data
06:05:52.934 [main] INFO  testCase.TC_003_LoginDataDrivenTest - ************finished TC_003_LoginDataDrivenTest*****************
06:07:36.402 [main] INFO  testCase.TC_003_LoginDataDrivenTest - *******starting TC_003_LoginDataDrivenTest**********
06:07:36.420 [main] INFO  testCase.TC_003_LoginDataDrivenTest - clicking on my account
06:07:36.478 [main] INFO  testCase.TC_003_LoginDataDrivenTest - clicking on login
06:07:36.861 [main] INFO  testCase.TC_003_LoginDataDrivenTest - entering email id
06:07:36.975 [main] INFO  testCase.TC_003_LoginDataDrivenTest - entering password
06:07:37.049 [main] INFO  testCase.TC_003_LoginDataDrivenTest - clicking on login button
06:07:37.333 [main] INFO  testCase.TC_003_LoginDataDrivenTest - verifying MyAccount label on my account page
06:07:37.387 [main] INFO  testCase.TC_003_LoginDataDrivenTest - validating invalid data
06:07:47.583 [main] INFO  testCase.TC_003_LoginDataDrivenTest - *******starting TC_003_LoginDataDrivenTest**********
06:07:47.583 [main] INFO  testCase.TC_003_LoginDataDrivenTest - clicking on my account
06:07:47.619 [main] INFO  testCase.TC_003_LoginDataDrivenTest - clicking on login
06:07:47.835 [main] INFO  testCase.TC_003_LoginDataDrivenTest - entering email id
06:07:47.915 [main] INFO  testCase.TC_003_LoginDataDrivenTest - entering password
06:07:47.965 [main] INFO  testCase.TC_003_LoginDataDrivenTest - clicking on login button
06:07:48.309 [main] INFO  testCase.TC_003_LoginDataDrivenTest - verifying MyAccount label on my account page
06:07:48.347 [main] INFO  testCase.TC_003_LoginDataDrivenTest - validating valid data
06:07:48.726 [main] INFO  testCase.TC_003_LoginDataDrivenTest - ************finished TC_003_LoginDataDrivenTest*****************
06:07:48.731 [main] INFO  testCase.TC_003_LoginDataDrivenTest - *******starting TC_003_LoginDataDrivenTest**********
06:07:48.732 [main] INFO  testCase.TC_003_LoginDataDrivenTest - clicking on my account
06:07:48.801 [main] INFO  testCase.TC_003_LoginDataDrivenTest - clicking on login
06:07:49.104 [main] INFO  testCase.TC_003_LoginDataDrivenTest - entering email id
06:07:49.213 [main] INFO  testCase.TC_003_LoginDataDrivenTest - entering password
06:07:49.294 [main] INFO  testCase.TC_003_LoginDataDrivenTest - clicking on login button
06:07:49.614 [main] INFO  testCase.TC_003_LoginDataDrivenTest - verifying MyAccount label on my account page
06:07:49.658 [main] INFO  testCase.TC_003_LoginDataDrivenTest - validating invalid data
06:07:59.875 [main] INFO  testCase.TC_003_LoginDataDrivenTest - *******starting TC_003_LoginDataDrivenTest**********
06:07:59.876 [main] INFO  testCase.TC_003_LoginDataDrivenTest - clicking on my account
06:07:59.922 [main] INFO  testCase.TC_003_LoginDataDrivenTest - clicking on login
06:08:00.231 [main] INFO  testCase.TC_003_LoginDataDrivenTest - entering email id
06:08:00.350 [main] INFO  testCase.TC_003_LoginDataDrivenTest - entering password
06:08:00.427 [main] INFO  testCase.TC_003_LoginDataDrivenTest - clicking on login button
06:08:00.814 [main] INFO  testCase.TC_003_LoginDataDrivenTest - verifying MyAccount label on my account page
06:08:00.862 [main] INFO  testCase.TC_003_LoginDataDrivenTest - validating valid data
06:08:01.217 [main] INFO  testCase.TC_003_LoginDataDrivenTest - ************finished TC_003_LoginDataDrivenTest*****************
06:12:08.621 [main] INFO  testCase.TC_003_LoginDataDrivenTest - *******starting TC_003_LoginDataDrivenTest**********
06:12:08.656 [main] INFO  testCase.TC_003_LoginDataDrivenTest - clicking on my account
06:12:08.750 [main] INFO  testCase.TC_003_LoginDataDrivenTest - clicking on login
06:12:09.382 [main] INFO  testCase.TC_003_LoginDataDrivenTest - entering email id
06:12:09.598 [main] INFO  testCase.TC_003_LoginDataDrivenTest - entering password
06:12:09.750 [main] INFO  testCase.TC_003_LoginDataDrivenTest - clicking on login button
06:12:10.371 [main] INFO  testCase.TC_003_LoginDataDrivenTest - verifying MyAccount label on my account page
06:12:10.478 [main] INFO  testCase.TC_003_LoginDataDrivenTest - validating invalid data
06:12:20.738 [main] INFO  testCase.TC_003_LoginDataDrivenTest - *******starting TC_003_LoginDataDrivenTest**********
06:12:20.739 [main] INFO  testCase.TC_003_LoginDataDrivenTest - clicking on my account
06:12:20.777 [main] INFO  testCase.TC_003_LoginDataDrivenTest - clicking on login
06:12:21.055 [main] INFO  testCase.TC_003_LoginDataDrivenTest - entering email id
06:12:21.158 [main] INFO  testCase.TC_003_LoginDataDrivenTest - entering password
06:12:21.228 [main] INFO  testCase.TC_003_LoginDataDrivenTest - clicking on login button
06:12:21.604 [main] INFO  testCase.TC_003_LoginDataDrivenTest - verifying MyAccount label on my account page
06:12:21.649 [main] INFO  testCase.TC_003_LoginDataDrivenTest - validating valid data
06:12:21.997 [main] INFO  testCase.TC_003_LoginDataDrivenTest - ************finished TC_003_LoginDataDrivenTest*****************
06:12:22.008 [main] INFO  testCase.TC_003_LoginDataDrivenTest - *******starting TC_003_LoginDataDrivenTest**********
06:12:22.010 [main] INFO  testCase.TC_003_LoginDataDrivenTest - clicking on my account
06:12:22.063 [main] INFO  testCase.TC_003_LoginDataDrivenTest - clicking on login
06:12:22.377 [main] INFO  testCase.TC_003_LoginDataDrivenTest - entering email id
06:12:22.480 [main] INFO  testCase.TC_003_LoginDataDrivenTest - entering password
06:12:22.554 [main] INFO  testCase.TC_003_LoginDataDrivenTest - clicking on login button
06:12:22.866 [main] INFO  testCase.TC_003_LoginDataDrivenTest - verifying MyAccount label on my account page
06:12:22.896 [main] INFO  testCase.TC_003_LoginDataDrivenTest - validating invalid data
06:12:33.072 [main] INFO  testCase.TC_003_LoginDataDrivenTest - *******starting TC_003_LoginDataDrivenTest**********
06:12:33.072 [main] INFO  testCase.TC_003_LoginDataDrivenTest - clicking on my account
06:12:33.114 [main] INFO  testCase.TC_003_LoginDataDrivenTest - clicking on login
06:12:33.378 [main] INFO  testCase.TC_003_LoginDataDrivenTest - entering email id
06:12:33.471 [main] INFO  testCase.TC_003_LoginDataDrivenTest - entering password
06:12:33.546 [main] INFO  testCase.TC_003_LoginDataDrivenTest - clicking on login button
06:12:33.903 [main] INFO  testCase.TC_003_LoginDataDrivenTest - verifying MyAccount label on my account page
06:12:33.947 [main] INFO  testCase.TC_003_LoginDataDrivenTest - validating valid data
06:12:34.366 [main] INFO  testCase.TC_003_LoginDataDrivenTest - ************finished TC_003_LoginDataDrivenTest*****************
06:17:26.067 [main] INFO  testCase.TC_003_LoginDataDrivenTest - *******starting TC_003_LoginDataDrivenTest**********
06:17:26.082 [main] INFO  testCase.TC_003_LoginDataDrivenTest - clicking on my account
06:17:26.129 [main] INFO  testCase.TC_003_LoginDataDrivenTest - clicking on login
06:17:26.513 [main] INFO  testCase.TC_003_LoginDataDrivenTest - entering email id
06:17:26.625 [main] INFO  testCase.TC_003_LoginDataDrivenTest - entering password
06:17:26.700 [main] INFO  testCase.TC_003_LoginDataDrivenTest - clicking on login button
06:17:26.982 [main] INFO  testCase.TC_003_LoginDataDrivenTest - verifying MyAccount label on my account page
06:17:37.053 [main] INFO  testCase.TC_003_LoginDataDrivenTest - validating invalid data
06:17:37.053 [main] INFO  testCase.TC_003_LoginDataDrivenTest - validating invalid data
06:17:37.057 [main] INFO  testCase.TC_003_LoginDataDrivenTest - ************finished TC_003_LoginDataDrivenTest*****************
06:17:37.083 [main] INFO  testCase.TC_003_LoginDataDrivenTest - *******starting TC_003_LoginDataDrivenTest**********
06:17:37.083 [main] INFO  testCase.TC_003_LoginDataDrivenTest - clicking on my account
06:17:37.122 [main] INFO  testCase.TC_003_LoginDataDrivenTest - clicking on login
06:17:37.413 [main] INFO  testCase.TC_003_LoginDataDrivenTest - entering email id
06:17:37.515 [main] INFO  testCase.TC_003_LoginDataDrivenTest - entering password
06:17:37.585 [main] INFO  testCase.TC_003_LoginDataDrivenTest - clicking on login button
06:17:37.966 [main] INFO  testCase.TC_003_LoginDataDrivenTest - verifying MyAccount label on my account page
06:17:38.015 [main] INFO  testCase.TC_003_LoginDataDrivenTest - validating valid data
06:17:38.371 [main] INFO  testCase.TC_003_LoginDataDrivenTest - ************finished TC_003_LoginDataDrivenTest*****************
06:17:38.379 [main] INFO  testCase.TC_003_LoginDataDrivenTest - *******starting TC_003_LoginDataDrivenTest**********
06:17:38.379 [main] INFO  testCase.TC_003_LoginDataDrivenTest - clicking on my account
06:17:38.433 [main] INFO  testCase.TC_003_LoginDataDrivenTest - clicking on login
06:17:38.778 [main] INFO  testCase.TC_003_LoginDataDrivenTest - entering email id
06:17:38.893 [main] INFO  testCase.TC_003_LoginDataDrivenTest - entering password
06:17:38.958 [main] INFO  testCase.TC_003_LoginDataDrivenTest - clicking on login button
06:17:39.266 [main] INFO  testCase.TC_003_LoginDataDrivenTest - verifying MyAccount label on my account page
06:17:49.285 [main] INFO  testCase.TC_003_LoginDataDrivenTest - validating invalid data
06:17:49.285 [main] INFO  testCase.TC_003_LoginDataDrivenTest - validating invalid data
06:17:49.285 [main] INFO  testCase.TC_003_LoginDataDrivenTest - ************finished TC_003_LoginDataDrivenTest*****************
06:17:49.289 [main] INFO  testCase.TC_003_LoginDataDrivenTest - *******starting TC_003_LoginDataDrivenTest**********
06:17:49.290 [main] INFO  testCase.TC_003_LoginDataDrivenTest - clicking on my account
06:17:49.329 [main] INFO  testCase.TC_003_LoginDataDrivenTest - clicking on login
06:17:49.621 [main] INFO  testCase.TC_003_LoginDataDrivenTest - entering email id
06:17:49.716 [main] INFO  testCase.TC_003_LoginDataDrivenTest - entering password
06:17:49.792 [main] INFO  testCase.TC_003_LoginDataDrivenTest - clicking on login button
06:17:50.160 [main] INFO  testCase.TC_003_LoginDataDrivenTest - verifying MyAccount label on my account page
06:17:50.212 [main] INFO  testCase.TC_003_LoginDataDrivenTest - validating valid data
06:17:50.593 [main] INFO  testCase.TC_003_LoginDataDrivenTest - ************finished TC_003_LoginDataDrivenTest*****************
09:19:53.240 [main] INFO  testCase.TC_003_LoginDataDrivenTest - *******starting TC_003_LoginDataDrivenTest**********
09:19:53.254 [main] INFO  testCase.TC_003_LoginDataDrivenTest - clicking on my account
09:19:53.303 [main] INFO  testCase.TC_003_LoginDataDrivenTest - clicking on login
09:19:53.530 [main] INFO  testCase.TC_003_LoginDataDrivenTest - entering email id
09:19:53.608 [main] INFO  testCase.TC_003_LoginDataDrivenTest - entering password
09:19:53.656 [main] INFO  testCase.TC_003_LoginDataDrivenTest - clicking on login button
09:19:53.833 [main] INFO  testCase.TC_003_LoginDataDrivenTest - verifying MyAccount label on my account page
09:20:03.887 [main] INFO  testCase.TC_003_LoginDataDrivenTest - validating invalid data
09:20:03.887 [main] INFO  testCase.TC_003_LoginDataDrivenTest - validating invalid data
09:20:03.890 [main] INFO  testCase.TC_003_LoginDataDrivenTest - ************finished TC_003_LoginDataDrivenTest*****************
09:20:03.914 [main] INFO  testCase.TC_003_LoginDataDrivenTest - *******starting TC_003_LoginDataDrivenTest**********
09:20:03.914 [main] INFO  testCase.TC_003_LoginDataDrivenTest - clicking on my account
09:20:03.961 [main] INFO  testCase.TC_003_LoginDataDrivenTest - clicking on login
09:20:04.117 [main] INFO  testCase.TC_003_LoginDataDrivenTest - entering email id
09:20:04.194 [main] INFO  testCase.TC_003_LoginDataDrivenTest - entering password
09:20:04.239 [main] INFO  testCase.TC_003_LoginDataDrivenTest - clicking on login button
09:20:04.449 [main] INFO  testCase.TC_003_LoginDataDrivenTest - verifying MyAccount label on my account page
09:20:04.495 [main] INFO  testCase.TC_003_LoginDataDrivenTest - validating valid data
09:20:04.759 [main] INFO  testCase.TC_003_LoginDataDrivenTest - ************finished TC_003_LoginDataDrivenTest*****************
09:20:04.763 [main] INFO  testCase.TC_003_LoginDataDrivenTest - *******starting TC_003_LoginDataDrivenTest**********
09:20:04.763 [main] INFO  testCase.TC_003_LoginDataDrivenTest - clicking on my account
09:20:04.801 [main] INFO  testCase.TC_003_LoginDataDrivenTest - clicking on login
09:20:04.995 [main] INFO  testCase.TC_003_LoginDataDrivenTest - entering email id
09:20:05.054 [main] INFO  testCase.TC_003_LoginDataDrivenTest - entering password
09:20:05.099 [main] INFO  testCase.TC_003_LoginDataDrivenTest - clicking on login button
09:20:05.268 [main] INFO  testCase.TC_003_LoginDataDrivenTest - verifying MyAccount label on my account page
09:20:15.295 [main] INFO  testCase.TC_003_LoginDataDrivenTest - validating invalid data
09:20:15.295 [main] INFO  testCase.TC_003_LoginDataDrivenTest - validating invalid data
09:20:15.295 [main] INFO  testCase.TC_003_LoginDataDrivenTest - ************finished TC_003_LoginDataDrivenTest*****************
09:20:15.300 [main] INFO  testCase.TC_003_LoginDataDrivenTest - *******starting TC_003_LoginDataDrivenTest**********
09:20:15.301 [main] INFO  testCase.TC_003_LoginDataDrivenTest - clicking on my account
09:20:15.349 [main] INFO  testCase.TC_003_LoginDataDrivenTest - clicking on login
09:20:15.533 [main] INFO  testCase.TC_003_LoginDataDrivenTest - entering email id
09:20:15.612 [main] INFO  testCase.TC_003_LoginDataDrivenTest - entering password
09:20:15.670 [main] INFO  testCase.TC_003_LoginDataDrivenTest - clicking on login button
09:20:15.901 [main] INFO  testCase.TC_003_LoginDataDrivenTest - verifying MyAccount label on my account page
09:20:15.932 [main] INFO  testCase.TC_003_LoginDataDrivenTest - validating valid data
09:20:16.167 [main] INFO  testCase.TC_003_LoginDataDrivenTest - ************finished TC_003_LoginDataDrivenTest*****************
09:21:17.371 [main] INFO  testCase.TC_003_LoginDataDrivenTest - *******starting TC_003_LoginDataDrivenTest**********
09:21:17.385 [main] INFO  testCase.TC_003_LoginDataDrivenTest - clicking on my account
09:21:17.432 [main] INFO  testCase.TC_003_LoginDataDrivenTest - clicking on login
09:21:17.622 [main] INFO  testCase.TC_003_LoginDataDrivenTest - entering email id
09:21:17.696 [main] INFO  testCase.TC_003_LoginDataDrivenTest - entering password
09:21:17.748 [main] INFO  testCase.TC_003_LoginDataDrivenTest - clicking on login button
09:21:17.914 [main] INFO  testCase.TC_003_LoginDataDrivenTest - verifying MyAccount label on my account page
09:21:17.956 [main] INFO  testCase.TC_003_LoginDataDrivenTest - validating invalid data
09:21:28.275 [main] INFO  testCase.TC_003_LoginDataDrivenTest - *******starting TC_003_LoginDataDrivenTest**********
09:21:28.276 [main] INFO  testCase.TC_003_LoginDataDrivenTest - clicking on my account
09:21:28.326 [main] INFO  testCase.TC_003_LoginDataDrivenTest - clicking on login
09:21:28.488 [main] INFO  testCase.TC_003_LoginDataDrivenTest - entering email id
09:21:28.566 [main] INFO  testCase.TC_003_LoginDataDrivenTest - entering password
09:21:28.613 [main] INFO  testCase.TC_003_LoginDataDrivenTest - clicking on login button
09:21:28.823 [main] INFO  testCase.TC_003_LoginDataDrivenTest - verifying MyAccount label on my account page
09:21:28.851 [main] INFO  testCase.TC_003_LoginDataDrivenTest - validating valid data
09:21:29.097 [main] INFO  testCase.TC_003_LoginDataDrivenTest - ************finished TC_003_LoginDataDrivenTest*****************
09:21:29.102 [main] INFO  testCase.TC_003_LoginDataDrivenTest - *******starting TC_003_LoginDataDrivenTest**********
09:21:29.102 [main] INFO  testCase.TC_003_LoginDataDrivenTest - clicking on my account
09:21:29.142 [main] INFO  testCase.TC_003_LoginDataDrivenTest - clicking on login
09:21:29.329 [main] INFO  testCase.TC_003_LoginDataDrivenTest - entering email id
09:21:29.388 [main] INFO  testCase.TC_003_LoginDataDrivenTest - entering password
09:21:29.434 [main] INFO  testCase.TC_003_LoginDataDrivenTest - clicking on login button
09:21:29.594 [main] INFO  testCase.TC_003_LoginDataDrivenTest - verifying MyAccount label on my account page
09:21:29.618 [main] INFO  testCase.TC_003_LoginDataDrivenTest - validating invalid data
09:21:39.796 [main] INFO  testCase.TC_003_LoginDataDrivenTest - *******starting TC_003_LoginDataDrivenTest**********
09:21:39.796 [main] INFO  testCase.TC_003_LoginDataDrivenTest - clicking on my account
09:21:39.841 [main] INFO  testCase.TC_003_LoginDataDrivenTest - clicking on login
09:21:40.019 [main] INFO  testCase.TC_003_LoginDataDrivenTest - entering email id
09:21:40.100 [main] INFO  testCase.TC_003_LoginDataDrivenTest - entering password
09:21:40.148 [main] INFO  testCase.TC_003_LoginDataDrivenTest - clicking on login button
09:21:40.355 [main] INFO  testCase.TC_003_LoginDataDrivenTest - verifying MyAccount label on my account page
09:21:40.385 [main] INFO  testCase.TC_003_LoginDataDrivenTest - validating valid data
09:21:40.610 [main] INFO  testCase.TC_003_LoginDataDrivenTest - ************finished TC_003_LoginDataDrivenTest*****************
09:48:14.540 [main] INFO  testCase.TC_001_AccountRegistrationForm - ***************starting TC_001_AccountRegistrationTest*************
09:48:14.562 [main] INFO  testCase.TC_001_AccountRegistrationForm - clicking on My Account link
09:48:14.616 [main] INFO  testCase.TC_001_AccountRegistrationForm - clicking on register link
09:48:14.921 [main] INFO  testCase.TC_001_AccountRegistrationForm - providing customer details
09:48:15.331 [main] INFO  testCase.TC_001_AccountRegistrationForm - clicking on continue button
09:48:17.720 [main] INFO  testCase.TC_001_AccountRegistrationForm - verifying customer registration
09:48:17.720 [main] INFO  testCase.TC_001_AccountRegistrationForm - test passed..........
09:48:17.721 [main] INFO  testCase.TC_001_AccountRegistrationForm - ***************Finished TC_001_AccountRegistrationTest*************
09:48:19.673 [main] INFO  testCase.TC_002_LoginTest - ************starting TC_002_login_test*****************
09:48:19.673 [main] INFO  testCase.TC_002_LoginTest - clicking on my account
09:48:19.723 [main] INFO  testCase.TC_002_LoginTest - clicking on login
09:48:19.960 [main] INFO  testCase.TC_002_LoginTest - enetring email id
09:48:20.032 [main] INFO  testCase.TC_002_LoginTest - enetring password
09:48:20.079 [main] INFO  testCase.TC_002_LoginTest - clicking on login button
09:48:20.325 [main] INFO  testCase.TC_002_LoginTest - verifying MyAccount label on my account page
09:48:20.360 [main] INFO  testCase.TC_002_LoginTest - ************finished TC_002_login_test*****************
09:49:35.729 [main] INFO  testCase.TC_002_LoginTest - ************starting TC_002_login_test*****************
09:49:35.741 [main] INFO  testCase.TC_002_LoginTest - clicking on my account
09:49:35.793 [main] INFO  testCase.TC_002_LoginTest - clicking on login
09:49:36.054 [main] INFO  testCase.TC_002_LoginTest - enetring email id
09:49:36.123 [main] INFO  testCase.TC_002_LoginTest - enetring password
09:49:36.174 [main] INFO  testCase.TC_002_LoginTest - clicking on login button
09:49:36.388 [main] INFO  testCase.TC_002_LoginTest - verifying MyAccount label on my account page
09:49:36.424 [main] INFO  testCase.TC_002_LoginTest - ************finished TC_002_login_test*****************
09:50:05.694 [main] INFO  testCase.TC_001_AccountRegistrationForm - ***************starting TC_001_AccountRegistrationTest*************
09:50:05.708 [main] INFO  testCase.TC_001_AccountRegistrationForm - clicking on My Account link
09:50:05.757 [main] INFO  testCase.TC_001_AccountRegistrationForm - clicking on register link
09:50:05.846 [main] INFO  testCase.TC_001_AccountRegistrationForm - providing customer details
09:50:18.014 [main] INFO  testCase.TC_002_LoginTest - ************starting TC_002_login_test*****************
09:50:18.014 [main] INFO  testCase.TC_002_LoginTest - clicking on my account
09:50:18.061 [main] INFO  testCase.TC_002_LoginTest - clicking on login
09:50:18.322 [main] INFO  testCase.TC_002_LoginTest - enetring email id
09:50:18.400 [main] INFO  testCase.TC_002_LoginTest - enetring password
09:50:18.451 [main] INFO  testCase.TC_002_LoginTest - clicking on login button
09:50:18.657 [main] INFO  testCase.TC_002_LoginTest - verifying MyAccount label on my account page
09:50:18.690 [main] INFO  testCase.TC_002_LoginTest - ************finished TC_002_login_test*****************
09:50:42.309 [main] INFO  testCase.TC_001_AccountRegistrationForm - ***************starting TC_001_AccountRegistrationTest*************
09:50:42.327 [main] INFO  testCase.TC_001_AccountRegistrationForm - clicking on My Account link
09:50:42.392 [main] INFO  testCase.TC_001_AccountRegistrationForm - clicking on register link
09:50:42.674 [main] INFO  testCase.TC_001_AccountRegistrationForm - providing customer details
09:50:43.070 [main] INFO  testCase.TC_001_AccountRegistrationForm - clicking on continue button
09:50:45.420 [main] INFO  testCase.TC_001_AccountRegistrationForm - verifying customer registration
09:50:45.420 [main] INFO  testCase.TC_001_AccountRegistrationForm - test passed..........
09:50:45.421 [main] INFO  testCase.TC_001_AccountRegistrationForm - ***************Finished TC_001_AccountRegistrationTest*************
09:50:47.290 [main] INFO  testCase.TC_002_LoginTest - ************starting TC_002_login_test*****************
09:50:47.290 [main] INFO  testCase.TC_002_LoginTest - clicking on my account
09:50:47.346 [main] INFO  testCase.TC_002_LoginTest - clicking on login
09:50:47.588 [main] INFO  testCase.TC_002_LoginTest - enetring email id
09:50:47.667 [main] INFO  testCase.TC_002_LoginTest - enetring password
09:50:47.717 [main] INFO  testCase.TC_002_LoginTest - clicking on login button
09:50:47.943 [main] INFO  testCase.TC_002_LoginTest - verifying MyAccount label on my account page
09:50:47.984 [main] INFO  testCase.TC_002_LoginTest - ************finished TC_002_login_test*****************
09:51:17.476 [main] INFO  testCase.TC_003_LoginDataDrivenTest - *******starting TC_003_LoginDataDrivenTest**********
09:51:17.495 [main] INFO  testCase.TC_003_LoginDataDrivenTest - clicking on my account
09:51:17.540 [main] INFO  testCase.TC_003_LoginDataDrivenTest - clicking on login
09:51:17.739 [main] INFO  testCase.TC_003_LoginDataDrivenTest - entering email id
09:51:17.824 [main] INFO  testCase.TC_003_LoginDataDrivenTest - entering password
09:51:17.871 [main] INFO  testCase.TC_003_LoginDataDrivenTest - clicking on login button
09:51:18.039 [main] INFO  testCase.TC_003_LoginDataDrivenTest - verifying MyAccount label on my account page
09:51:28.101 [main] INFO  testCase.TC_003_LoginDataDrivenTest - validating invalid data
09:51:28.101 [main] INFO  testCase.TC_003_LoginDataDrivenTest - validating invalid data
09:51:28.105 [main] INFO  testCase.TC_003_LoginDataDrivenTest - ************finished TC_003_LoginDataDrivenTest*****************
09:51:28.129 [main] INFO  testCase.TC_003_LoginDataDrivenTest - *******starting TC_003_LoginDataDrivenTest**********
09:51:28.129 [main] INFO  testCase.TC_003_LoginDataDrivenTest - clicking on my account
09:51:28.171 [main] INFO  testCase.TC_003_LoginDataDrivenTest - clicking on login
09:51:28.343 [main] INFO  testCase.TC_003_LoginDataDrivenTest - entering email id
09:51:28.424 [main] INFO  testCase.TC_003_LoginDataDrivenTest - entering password
09:51:28.469 [main] INFO  testCase.TC_003_LoginDataDrivenTest - clicking on login button
09:51:28.670 [main] INFO  testCase.TC_003_LoginDataDrivenTest - verifying MyAccount label on my account page
09:51:28.705 [main] INFO  testCase.TC_003_LoginDataDrivenTest - validating valid data
09:51:28.956 [main] INFO  testCase.TC_003_LoginDataDrivenTest - ************finished TC_003_LoginDataDrivenTest*****************
09:51:28.961 [main] INFO  testCase.TC_003_LoginDataDrivenTest - *******starting TC_003_LoginDataDrivenTest**********
09:51:28.962 [main] INFO  testCase.TC_003_LoginDataDrivenTest - clicking on my account
09:51:29.002 [main] INFO  testCase.TC_003_LoginDataDrivenTest - clicking on login
09:51:29.205 [main] INFO  testCase.TC_003_LoginDataDrivenTest - entering email id
09:51:29.268 [main] INFO  testCase.TC_003_LoginDataDrivenTest - entering password
09:51:29.314 [main] INFO  testCase.TC_003_LoginDataDrivenTest - clicking on login button
09:51:29.477 [main] INFO  testCase.TC_003_LoginDataDrivenTest - verifying MyAccount label on my account page
09:51:39.528 [main] INFO  testCase.TC_003_LoginDataDrivenTest - validating invalid data
09:51:39.528 [main] INFO  testCase.TC_003_LoginDataDrivenTest - validating invalid data
09:51:39.528 [main] INFO  testCase.TC_003_LoginDataDrivenTest - ************finished TC_003_LoginDataDrivenTest*****************
09:51:39.531 [main] INFO  testCase.TC_003_LoginDataDrivenTest - *******starting TC_003_LoginDataDrivenTest**********
09:51:39.531 [main] INFO  testCase.TC_003_LoginDataDrivenTest - clicking on my account
09:51:39.569 [main] INFO  testCase.TC_003_LoginDataDrivenTest - clicking on login
09:51:39.761 [main] INFO  testCase.TC_003_LoginDataDrivenTest - entering email id
09:51:39.841 [main] INFO  testCase.TC_003_LoginDataDrivenTest - entering password
09:51:39.891 [main] INFO  testCase.TC_003_LoginDataDrivenTest - clicking on login button
09:51:40.103 [main] INFO  testCase.TC_003_LoginDataDrivenTest - verifying MyAccount label on my account page
09:51:40.134 [main] INFO  testCase.TC_003_LoginDataDrivenTest - validating valid data
09:51:40.361 [main] INFO  testCase.TC_003_LoginDataDrivenTest - ************finished TC_003_LoginDataDrivenTest*****************
10:39:56.137 [main] INFO  testCase.TC_001_AccountRegistrationForm - ***************starting TC_001_AccountRegistrationTest*************
10:39:56.156 [main] INFO  testCase.TC_001_AccountRegistrationForm - clicking on My Account link
10:39:56.223 [main] INFO  testCase.TC_001_AccountRegistrationForm - clicking on register link
10:39:56.520 [main] INFO  testCase.TC_001_AccountRegistrationForm - providing customer details
10:39:56.929 [main] INFO  testCase.TC_001_AccountRegistrationForm - clicking on continue button
10:39:59.306 [main] INFO  testCase.TC_001_AccountRegistrationForm - verifying customer registration
10:39:59.306 [main] WARN  testCase.TC_001_AccountRegistrationForm - customer registration is not successful
10:39:59.306 [main] INFO  testCase.TC_001_AccountRegistrationForm - test failed..........
10:40:44.629 [main] INFO  testCase.TC_001_AccountRegistrationForm - ***************starting TC_001_AccountRegistrationTest*************
10:40:44.646 [main] INFO  testCase.TC_001_AccountRegistrationForm - clicking on My Account link
10:40:44.703 [main] INFO  testCase.TC_001_AccountRegistrationForm - clicking on register link
10:40:44.989 [main] INFO  testCase.TC_001_AccountRegistrationForm - providing customer details
10:40:45.386 [main] INFO  testCase.TC_001_AccountRegistrationForm - clicking on continue button
10:40:47.766 [main] INFO  testCase.TC_001_AccountRegistrationForm - verifying customer registration
10:40:47.766 [main] INFO  testCase.TC_001_AccountRegistrationForm - test passed..........
10:40:47.768 [main] INFO  testCase.TC_001_AccountRegistrationForm - ***************Finished TC_001_AccountRegistrationTest*************
10:41:46.922 [main] INFO  testCase.TC_001_AccountRegistrationForm - ***************starting TC_001_AccountRegistrationTest*************
10:41:46.940 [main] INFO  testCase.TC_001_AccountRegistrationForm - clicking on My Account link
10:41:46.992 [main] INFO  testCase.TC_001_AccountRegistrationForm - clicking on register link
10:41:47.292 [main] INFO  testCase.TC_001_AccountRegistrationForm - providing customer details
10:41:47.672 [main] INFO  testCase.TC_001_AccountRegistrationForm - clicking on continue button
10:41:50.030 [main] INFO  testCase.TC_001_AccountRegistrationForm - verifying customer registration
10:41:50.030 [main] WARN  testCase.TC_001_AccountRegistrationForm - customer registration is not successful
10:41:50.030 [main] INFO  testCase.TC_001_AccountRegistrationForm - test failed..........
10:41:52.416 [main] INFO  testCase.TC_002_LoginTest - ************starting TC_002_login_test*****************
10:41:52.416 [main] INFO  testCase.TC_002_LoginTest - clicking on my account
10:41:52.465 [main] INFO  testCase.TC_002_LoginTest - clicking on login
10:41:52.710 [main] INFO  testCase.TC_002_LoginTest - enetring email id
10:41:52.775 [main] INFO  testCase.TC_002_LoginTest - enetring password
10:42:19.131 [main] INFO  testCase.TC_001_AccountRegistrationForm - ***************starting TC_001_AccountRegistrationTest*************
10:42:19.147 [main] INFO  testCase.TC_001_AccountRegistrationForm - clicking on My Account link
10:42:19.209 [main] INFO  testCase.TC_001_AccountRegistrationForm - clicking on register link
10:42:19.493 [main] INFO  testCase.TC_001_AccountRegistrationForm - providing customer details
10:42:19.887 [main] INFO  testCase.TC_001_AccountRegistrationForm - clicking on continue button
10:42:22.240 [main] INFO  testCase.TC_001_AccountRegistrationForm - verifying customer registration
10:42:22.240 [main] INFO  testCase.TC_001_AccountRegistrationForm - test passed..........
10:42:22.241 [main] INFO  testCase.TC_001_AccountRegistrationForm - ***************Finished TC_001_AccountRegistrationTest*************
10:42:24.088 [main] INFO  testCase.TC_002_LoginTest - ************starting TC_002_login_test*****************
10:42:24.089 [main] INFO  testCase.TC_002_LoginTest - clicking on my account
10:42:24.142 [main] INFO  testCase.TC_002_LoginTest - clicking on login
10:42:24.351 [main] INFO  testCase.TC_002_LoginTest - enetring email id
10:42:24.432 [main] INFO  testCase.TC_002_LoginTest - enetring password
10:43:50.578 [main] INFO  testCase.TC_002_LoginTest - ************starting TC_002_login_test*****************
10:43:50.604 [main] INFO  testCase.TC_002_LoginTest - clicking on my account
10:43:50.662 [main] INFO  testCase.TC_002_LoginTest - clicking on login
10:43:50.886 [main] INFO  testCase.TC_002_LoginTest - enetring email id
10:43:50.960 [main] INFO  testCase.TC_002_LoginTest - enetring password
10:43:51.014 [main] INFO  testCase.TC_002_LoginTest - clicking on login button
10:43:51.219 [main] INFO  testCase.TC_002_LoginTest - verifying MyAccount label on my account page
10:43:51.271 [main] INFO  testCase.TC_002_LoginTest - ************finished TC_002_login_test*****************
08:29:03.835 [main] INFO  testCase.TC_001_AccountRegistrationForm - ***************starting TC_001_AccountRegistrationTest*************
08:29:03.880 [main] INFO  testCase.TC_001_AccountRegistrationForm - clicking on My Account link
08:29:03.964 [main] INFO  testCase.TC_001_AccountRegistrationForm - clicking on register link
08:29:04.447 [main] INFO  testCase.TC_001_AccountRegistrationForm - providing customer details
