16:46:42.397 [main] INFO  testCase.TC_001_AccountRegistrationForm - ***************starting TC_001_AccountRegistrationTest*************
16:46:42.439 [main] INFO  testCase.TC_001_AccountRegistrationForm - clicking on My Account link
16:46:42.560 [main] INFO  testCase.TC_001_AccountRegistrationForm - clicking on register link
16:46:42.752 [main] INFO  testCase.TC_001_AccountRegistrationForm - providing customer details
16:46:52.787 [main] ERROR testCase.TC_001_AccountRegistrationForm - customer registration failed
16:48:25.863 [main] INFO  testCase.TC_001_AccountRegistrationForm - ***************starting TC_001_AccountRegistrationTest*************
16:48:25.911 [main] INFO  testCase.TC_001_AccountRegistrationForm - clicking on My Account link
16:48:26.009 [main] INFO  testCase.TC_001_AccountRegistrationForm - clicking on register link
16:48:26.729 [main] INFO  testCase.TC_001_AccountRegistrationForm - providing customer details
16:48:27.502 [main] INFO  testCase.TC_001_AccountRegistrationForm - clicking on continue button
16:48:30.254 [main] INFO  testCase.TC_001_AccountRegistrationForm - verifying customer registration
16:48:30.256 [main] INFO  testCase.TC_001_AccountRegistrationForm - ***************Finished TC_001_AccountRegistrationTest*************
16:49:44.257 [main] INFO  testCase.TC_001_AccountRegistrationForm - ***************starting TC_001_AccountRegistrationTest*************
16:49:44.290 [main] INFO  testCase.TC_001_AccountRegistrationForm - clicking on My Account link
16:49:44.372 [main] INFO  testCase.TC_001_AccountRegistrationForm - clicking on register link
16:49:45.067 [main] INFO  testCase.TC_001_AccountRegistrationForm - providing customer details
16:49:45.804 [main] INFO  testCase.TC_001_AccountRegistrationForm - clicking on continue button
16:49:46.417 [main] INFO  testCase.TC_001_AccountRegistrationForm - verifying customer registration
17:06:09.290 [main] INFO  testCase.TC_001_AccountRegistrationForm - ***************starting TC_001_AccountRegistrationTest*************
17:06:09.325 [main] INFO  testCase.TC_001_AccountRegistrationForm - clicking on My Account link
17:06:09.418 [main] INFO  testCase.TC_001_AccountRegistrationForm - clicking on register link
17:06:10.012 [main] INFO  testCase.TC_001_AccountRegistrationForm - providing customer details
17:06:10.762 [main] INFO  testCase.TC_001_AccountRegistrationForm - clicking on continue button
17:06:11.171 [main] INFO  testCase.TC_001_AccountRegistrationForm - verifying customer registration
17:06:11.171 [main] WARN  testCase.TC_001_AccountRegistrationForm - customer registration is not successful
17:06:11.171 [main] INFO  testCase.TC_001_AccountRegistrationForm - test failed..........
17:08:40.536 [main] INFO  testCase.TC_001_AccountRegistrationForm - ***************starting TC_001_AccountRegistrationTest*************
17:08:40.574 [main] INFO  testCase.TC_001_AccountRegistrationForm - clicking on My Account link
17:08:40.665 [main] INFO  testCase.TC_001_AccountRegistrationForm - clicking on register link
17:08:41.216 [main] INFO  testCase.TC_001_AccountRegistrationForm - providing customer details
17:08:41.985 [main] INFO  testCase.TC_001_AccountRegistrationForm - clicking on continue button
17:08:44.445 [main] INFO  testCase.TC_001_AccountRegistrationForm - verifying customer registration
17:08:44.446 [main] INFO  testCase.TC_001_AccountRegistrationForm - test passed..........
17:08:44.448 [main] INFO  testCase.TC_001_AccountRegistrationForm - ***************Finished TC_001_AccountRegistrationTest*************
09:25:43.353 [main] INFO  testCase.TC_001_AccountRegistrationForm - ***************starting TC_001_AccountRegistrationTest*************
09:25:43.376 [main] INFO  testCase.TC_001_AccountRegistrationForm - clicking on My Account link
09:25:43.435 [main] INFO  testCase.TC_001_AccountRegistrationForm - clicking on register link
09:25:43.796 [main] INFO  testCase.TC_001_AccountRegistrationForm - providing customer details
09:25:44.200 [main] INFO  testCase.TC_001_AccountRegistrationForm - clicking on continue button
09:25:46.739 [main] INFO  testCase.TC_001_AccountRegistrationForm - verifying customer registration
09:25:46.739 [main] INFO  testCase.TC_001_AccountRegistrationForm - test passed..........
09:25:46.741 [main] INFO  testCase.TC_001_AccountRegistrationForm - ***************Finished TC_001_AccountRegistrationTest*************
09:39:09.853 [main] INFO  testCase.TC_001_AccountRegistrationForm - ***************starting TC_001_AccountRegistrationTest*************
09:39:09.871 [main] INFO  testCase.TC_001_AccountRegistrationForm - clicking on My Account link
09:39:10.037 [main] INFO  testCase.TC_001_AccountRegistrationForm - clicking on register link
09:39:10.319 [main] INFO  testCase.TC_001_AccountRegistrationForm - providing customer details
09:39:10.736 [main] INFO  testCase.TC_001_AccountRegistrationForm - clicking on continue button
09:39:13.121 [main] INFO  testCase.TC_001_AccountRegistrationForm - verifying customer registration
09:39:13.122 [main] INFO  testCase.TC_001_AccountRegistrationForm - test passed..........
09:39:13.124 [main] INFO  testCase.TC_001_AccountRegistrationForm - ***************Finished TC_001_AccountRegistrationTest*************
09:39:35.231 [main] INFO  testCase.TC_001_AccountRegistrationForm - ***************starting TC_001_AccountRegistrationTest*************
09:39:35.253 [main] INFO  testCase.TC_001_AccountRegistrationForm - clicking on My Account link
09:39:35.344 [main] INFO  testCase.TC_001_AccountRegistrationForm - clicking on register link
09:39:35.612 [main] INFO  testCase.TC_001_AccountRegistrationForm - providing customer details
09:39:36.096 [main] INFO  testCase.TC_001_AccountRegistrationForm - clicking on continue button
09:39:38.472 [main] INFO  testCase.TC_001_AccountRegistrationForm - verifying customer registration
09:39:38.472 [main] INFO  testCase.TC_001_AccountRegistrationForm - test passed..........
09:39:38.474 [main] INFO  testCase.TC_001_AccountRegistrationForm - ***************Finished TC_001_AccountRegistrationTest*************
09:40:00.191 [main] INFO  testCase.TC_001_AccountRegistrationForm - ***************starting TC_001_AccountRegistrationTest*************
09:40:00.209 [main] INFO  testCase.TC_001_AccountRegistrationForm - clicking on My Account link
09:40:00.464 [main] INFO  testCase.TC_001_AccountRegistrationForm - clicking on register link
09:40:00.701 [main] INFO  testCase.TC_001_AccountRegistrationForm - providing customer details
09:40:01.185 [main] INFO  testCase.TC_001_AccountRegistrationForm - clicking on continue button
09:40:03.479 [main] INFO  testCase.TC_001_AccountRegistrationForm - verifying customer registration
09:40:03.479 [main] INFO  testCase.TC_001_AccountRegistrationForm - test passed..........
09:40:03.481 [main] INFO  testCase.TC_001_AccountRegistrationForm - ***************Finished TC_001_AccountRegistrationTest*************
09:45:30.336 [main] INFO  testCase.TC_001_AccountRegistrationForm - ***************starting TC_001_AccountRegistrationTest*************
09:45:30.352 [main] INFO  testCase.TC_001_AccountRegistrationForm - clicking on My Account link
09:45:30.410 [main] INFO  testCase.TC_001_AccountRegistrationForm - clicking on register link
09:45:30.697 [main] INFO  testCase.TC_001_AccountRegistrationForm - providing customer details
09:45:31.097 [main] INFO  testCase.TC_001_AccountRegistrationForm - clicking on continue button
09:45:33.481 [main] INFO  testCase.TC_001_AccountRegistrationForm - verifying customer registration
09:45:33.481 [main] INFO  testCase.TC_001_AccountRegistrationForm - test passed..........
09:45:33.483 [main] INFO  testCase.TC_001_AccountRegistrationForm - ***************Finished TC_001_AccountRegistrationTest*************
09:45:36.034 [main] INFO  testCase.TC_001_AccountRegistrationForm - ***************starting TC_001_AccountRegistrationTest*************
09:45:36.035 [main] INFO  testCase.TC_001_AccountRegistrationForm - clicking on My Account link
09:45:36.092 [main] INFO  testCase.TC_001_AccountRegistrationForm - clicking on register link
09:45:36.332 [main] INFO  testCase.TC_001_AccountRegistrationForm - providing customer details
09:45:36.740 [main] INFO  testCase.TC_001_AccountRegistrationForm - clicking on continue button
09:45:39.091 [main] INFO  testCase.TC_001_AccountRegistrationForm - verifying customer registration
09:45:39.091 [main] INFO  testCase.TC_001_AccountRegistrationForm - test passed..........
09:45:39.091 [main] INFO  testCase.TC_001_AccountRegistrationForm - ***************Finished TC_001_AccountRegistrationTest*************
09:53:12.404 [TestNG-tests-1] INFO  testCase.TC_001_AccountRegistrationForm - ***************starting TC_001_AccountRegistrationTest*************
09:53:12.426 [TestNG-tests-1] INFO  testCase.TC_001_AccountRegistrationForm - clicking on My Account link
09:53:12.536 [TestNG-tests-1] INFO  testCase.TC_001_AccountRegistrationForm - clicking on register link
09:53:12.571 [TestNG-tests-2] INFO  testCase.TC_001_AccountRegistrationForm - ***************starting TC_001_AccountRegistrationTest*************
09:53:12.572 [TestNG-tests-2] INFO  testCase.TC_001_AccountRegistrationForm - clicking on My Account link
09:53:12.678 [TestNG-tests-2] INFO  testCase.TC_001_AccountRegistrationForm - clicking on register link
09:53:12.926 [TestNG-tests-1] INFO  testCase.TC_001_AccountRegistrationForm - providing customer details
09:53:13.097 [TestNG-tests-2] INFO  testCase.TC_001_AccountRegistrationForm - providing customer details
09:53:13.486 [TestNG-tests-1] INFO  testCase.TC_001_AccountRegistrationForm - clicking on continue button
09:53:13.645 [TestNG-tests-2] INFO  testCase.TC_001_AccountRegistrationForm - clicking on continue button
09:53:15.887 [TestNG-tests-1] INFO  testCase.TC_001_AccountRegistrationForm - verifying customer registration
09:53:15.887 [TestNG-tests-1] INFO  testCase.TC_001_AccountRegistrationForm - test passed..........
09:53:15.888 [TestNG-tests-1] INFO  testCase.TC_001_AccountRegistrationForm - ***************Finished TC_001_AccountRegistrationTest*************
09:53:16.005 [TestNG-tests-2] INFO  testCase.TC_001_AccountRegistrationForm - verifying customer registration
09:53:16.006 [TestNG-tests-2] INFO  testCase.TC_001_AccountRegistrationForm - test passed..........
09:53:16.006 [TestNG-tests-2] INFO  testCase.TC_001_AccountRegistrationForm - ***************Finished TC_001_AccountRegistrationTest*************
10:04:26.478 [TestNG-test=chromeTest-1] INFO  testCase.TC_001_AccountRegistrationForm - ***************starting TC_001_AccountRegistrationTest*************
10:04:26.493 [TestNG-test=chromeTest-1] INFO  testCase.TC_001_AccountRegistrationForm - clicking on My Account link
10:04:26.546 [TestNG-test=chromeTest-1] INFO  testCase.TC_001_AccountRegistrationForm - clicking on register link
10:04:26.847 [TestNG-test=chromeTest-1] INFO  testCase.TC_001_AccountRegistrationForm - providing customer details
10:04:27.250 [TestNG-test=chromeTest-1] INFO  testCase.TC_001_AccountRegistrationForm - clicking on continue button
10:04:29.642 [TestNG-test=chromeTest-1] INFO  testCase.TC_001_AccountRegistrationForm - verifying customer registration
10:04:29.642 [TestNG-test=chromeTest-1] INFO  testCase.TC_001_AccountRegistrationForm - test passed..........
10:04:29.643 [TestNG-test=chromeTest-1] INFO  testCase.TC_001_AccountRegistrationForm - ***************Finished TC_001_AccountRegistrationTest*************
10:04:31.544 [main] INFO  testCase.TC_001_AccountRegistrationForm - ***************starting TC_001_AccountRegistrationTest*************
10:04:31.545 [main] INFO  testCase.TC_001_AccountRegistrationForm - clicking on My Account link
10:04:31.597 [main] INFO  testCase.TC_001_AccountRegistrationForm - clicking on register link
10:04:31.846 [main] INFO  testCase.TC_001_AccountRegistrationForm - providing customer details
10:04:32.227 [main] INFO  testCase.TC_001_AccountRegistrationForm - clicking on continue button
10:04:34.561 [main] INFO  testCase.TC_001_AccountRegistrationForm - verifying customer registration
10:04:34.561 [main] INFO  testCase.TC_001_AccountRegistrationForm - test passed..........
10:04:34.561 [main] INFO  testCase.TC_001_AccountRegistrationForm - ***************Finished TC_001_AccountRegistrationTest*************
10:10:43.965 [TestNG-tests-1] INFO  testCase.TC_001_AccountRegistrationForm - ***************starting TC_001_AccountRegistrationTest*************
10:10:43.981 [TestNG-tests-1] INFO  testCase.TC_001_AccountRegistrationForm - clicking on My Account link
10:10:43.987 [TestNG-tests-2] INFO  testCase.TC_001_AccountRegistrationForm - ***************starting TC_001_AccountRegistrationTest*************
10:10:43.988 [TestNG-tests-2] INFO  testCase.TC_001_AccountRegistrationForm - clicking on My Account link
10:10:44.050 [TestNG-tests-1] INFO  testCase.TC_001_AccountRegistrationForm - clicking on register link
10:10:44.051 [TestNG-tests-2] INFO  testCase.TC_001_AccountRegistrationForm - clicking on register link
10:10:44.504 [TestNG-tests-1] INFO  testCase.TC_001_AccountRegistrationForm - providing customer details
10:10:44.530 [TestNG-tests-2] INFO  testCase.TC_001_AccountRegistrationForm - providing customer details
10:10:45.085 [TestNG-tests-1] INFO  testCase.TC_001_AccountRegistrationForm - clicking on continue button
10:10:45.148 [TestNG-tests-2] INFO  testCase.TC_001_AccountRegistrationForm - clicking on continue button
10:10:47.531 [TestNG-tests-1] INFO  testCase.TC_001_AccountRegistrationForm - verifying customer registration
10:10:47.531 [TestNG-tests-1] INFO  testCase.TC_001_AccountRegistrationForm - test passed..........
10:10:47.533 [TestNG-tests-1] INFO  testCase.TC_001_AccountRegistrationForm - ***************Finished TC_001_AccountRegistrationTest*************
10:10:47.536 [TestNG-tests-2] INFO  testCase.TC_001_AccountRegistrationForm - verifying customer registration
10:10:47.536 [TestNG-tests-2] INFO  testCase.TC_001_AccountRegistrationForm - test passed..........
10:10:47.536 [TestNG-tests-2] INFO  testCase.TC_001_AccountRegistrationForm - ***************Finished TC_001_AccountRegistrationTest*************
10:30:44.658 [main] INFO  testCase.TC_001_AccountRegistrationForm - ***************starting TC_001_AccountRegistrationTest*************
10:30:44.682 [main] INFO  testCase.TC_001_AccountRegistrationForm - clicking on My Account link
10:30:44.737 [main] INFO  testCase.TC_001_AccountRegistrationForm - clicking on register link
10:30:45.038 [main] INFO  testCase.TC_001_AccountRegistrationForm - providing customer details
10:30:45.500 [main] INFO  testCase.TC_001_AccountRegistrationForm - clicking on continue button
10:30:47.879 [main] INFO  testCase.TC_001_AccountRegistrationForm - verifying customer registration
10:30:47.879 [main] INFO  testCase.TC_001_AccountRegistrationForm - test passed..........
10:30:47.880 [main] INFO  testCase.TC_001_AccountRegistrationForm - ***************Finished TC_001_AccountRegistrationTest*************
10:46:41.832 [main] INFO  testCase.TC_001_AccountRegistrationForm - ***************starting TC_001_AccountRegistrationTest*************
10:46:41.855 [main] INFO  testCase.TC_001_AccountRegistrationForm - clicking on My Account link
10:46:41.909 [main] INFO  testCase.TC_001_AccountRegistrationForm - clicking on register link
10:46:42.178 [main] INFO  testCase.TC_001_AccountRegistrationForm - providing customer details
10:46:42.567 [main] INFO  testCase.TC_001_AccountRegistrationForm - clicking on continue button
10:46:44.938 [main] INFO  testCase.TC_001_AccountRegistrationForm - verifying customer registration
10:46:44.938 [main] INFO  testCase.TC_001_AccountRegistrationForm - test passed..........
10:46:44.940 [main] INFO  testCase.TC_001_AccountRegistrationForm - ***************Finished TC_001_AccountRegistrationTest*************
14:46:01.140 [main] INFO  testCase.TC_001_AccountRegistrationForm - ***************starting TC_001_AccountRegistrationTest*************
14:46:01.180 [main] INFO  testCase.TC_001_AccountRegistrationForm - clicking on My Account link
14:46:01.278 [main] INFO  testCase.TC_001_AccountRegistrationForm - clicking on register link
14:46:01.983 [main] INFO  testCase.TC_001_AccountRegistrationForm - providing customer details
14:46:02.704 [main] INFO  testCase.TC_001_AccountRegistrationForm - clicking on continue button
14:46:05.390 [main] INFO  testCase.TC_001_AccountRegistrationForm - verifying customer registration
14:46:05.390 [main] INFO  testCase.TC_001_AccountRegistrationForm - test passed..........
14:46:05.391 [main] INFO  testCase.TC_001_AccountRegistrationForm - ***************Finished TC_001_AccountRegistrationTest*************
14:50:26.736 [main] INFO  testCase.TC_001_AccountRegistrationForm - ***************starting TC_001_AccountRegistrationTest*************
14:50:26.770 [main] INFO  testCase.TC_001_AccountRegistrationForm - clicking on My Account link
14:50:26.871 [main] INFO  testCase.TC_001_AccountRegistrationForm - clicking on register link
14:50:27.638 [main] INFO  testCase.TC_001_AccountRegistrationForm - providing customer details
14:50:28.406 [main] INFO  testCase.TC_001_AccountRegistrationForm - clicking on continue button
14:50:31.074 [main] INFO  testCase.TC_001_AccountRegistrationForm - verifying customer registration
14:50:31.074 [main] WARN  testCase.TC_001_AccountRegistrationForm - customer registration is not successful
14:50:31.074 [main] INFO  testCase.TC_001_AccountRegistrationForm - test failed..........
12:49:20.683 [main] INFO  testCase.TC_001_AccountRegistrationForm - ***************starting TC_001_AccountRegistrationTest*************
12:49:20.701 [main] INFO  testCase.TC_001_AccountRegistrationForm - clicking on My Account link
12:49:20.775 [main] INFO  testCase.TC_001_AccountRegistrationForm - clicking on register link
12:49:21.092 [main] INFO  testCase.TC_001_AccountRegistrationForm - providing customer details
12:49:21.525 [main] INFO  testCase.TC_001_AccountRegistrationForm - clicking on continue button
12:49:23.897 [main] INFO  testCase.TC_001_AccountRegistrationForm - verifying customer registration
12:49:23.897 [main] WARN  testCase.TC_001_AccountRegistrationForm - customer registration is not successful
12:49:23.897 [main] INFO  testCase.TC_001_AccountRegistrationForm - test failed..........
12:49:25.983 [main] INFO  testCase.TC_002_LoginTest - ************starting TC_002_login_test*****************
12:49:25.983 [main] INFO  testCase.TC_002_LoginTest - clicking on my account
12:49:26.036 [main] INFO  testCase.TC_002_LoginTest - clicking on login
12:49:26.109 [main] INFO  testCase.TC_002_LoginTest - enetring email id
12:50:01.794 [main] INFO  testCase.TC_001_AccountRegistrationForm - ***************starting TC_001_AccountRegistrationTest*************
12:50:01.810 [main] INFO  testCase.TC_001_AccountRegistrationForm - clicking on My Account link
12:50:01.861 [main] INFO  testCase.TC_001_AccountRegistrationForm - clicking on register link
12:50:02.219 [main] INFO  testCase.TC_001_AccountRegistrationForm - providing customer details
12:50:02.620 [main] INFO  testCase.TC_001_AccountRegistrationForm - clicking on continue button
12:50:04.978 [main] INFO  testCase.TC_001_AccountRegistrationForm - verifying customer registration
12:50:04.978 [main] WARN  testCase.TC_001_AccountRegistrationForm - customer registration is not successful
12:50:04.978 [main] INFO  testCase.TC_001_AccountRegistrationForm - test failed..........
12:50:07.025 [main] INFO  testCase.TC_002_LoginTest - ************starting TC_002_login_test*****************
12:50:07.025 [main] INFO  testCase.TC_002_LoginTest - clicking on my account
12:50:07.079 [main] INFO  testCase.TC_002_LoginTest - clicking on login
12:50:07.318 [main] INFO  testCase.TC_002_LoginTest - enetring email id
12:50:07.408 [main] INFO  testCase.TC_002_LoginTest - enetring password
12:50:07.469 [main] INFO  testCase.TC_002_LoginTest - clicking on login button
12:50:07.702 [main] INFO  testCase.TC_002_LoginTest - verifying MyAccount label on my account page
12:50:07.740 [main] INFO  testCase.TC_002_LoginTest - ************finished TC_002_login_test*****************
12:50:44.156 [main] INFO  testCase.TC_001_AccountRegistrationForm - ***************starting TC_001_AccountRegistrationTest*************
12:50:44.177 [main] INFO  testCase.TC_001_AccountRegistrationForm - clicking on My Account link
12:50:44.235 [main] INFO  testCase.TC_001_AccountRegistrationForm - clicking on register link
12:50:44.318 [main] INFO  testCase.TC_001_AccountRegistrationForm - providing customer details
12:50:56.516 [main] INFO  testCase.TC_002_LoginTest - ************starting TC_002_login_test*****************
12:50:56.516 [main] INFO  testCase.TC_002_LoginTest - clicking on my account
12:50:56.569 [main] INFO  testCase.TC_002_LoginTest - clicking on login
12:50:56.794 [main] INFO  testCase.TC_002_LoginTest - enetring email id
12:50:56.867 [main] INFO  testCase.TC_002_LoginTest - enetring password
12:50:56.920 [main] INFO  testCase.TC_002_LoginTest - clicking on login button
12:50:57.162 [main] INFO  testCase.TC_002_LoginTest - verifying MyAccount label on my account page
12:50:57.197 [main] INFO  testCase.TC_002_LoginTest - ************finished TC_002_login_test*****************
12:52:46.743 [main] INFO  testCase.TC_001_AccountRegistrationForm - ***************starting TC_001_AccountRegistrationTest*************
12:52:46.760 [main] INFO  testCase.TC_001_AccountRegistrationForm - clicking on My Account link
12:52:46.826 [main] INFO  testCase.TC_001_AccountRegistrationForm - clicking on register link
12:52:47.094 [main] INFO  testCase.TC_001_AccountRegistrationForm - providing customer details
12:52:47.502 [main] INFO  testCase.TC_001_AccountRegistrationForm - clicking on continue button
12:52:49.866 [main] INFO  testCase.TC_001_AccountRegistrationForm - verifying customer registration
12:52:49.867 [main] INFO  testCase.TC_001_AccountRegistrationForm - test passed..........
12:52:49.868 [main] INFO  testCase.TC_001_AccountRegistrationForm - ***************Finished TC_001_AccountRegistrationTest*************
12:52:51.736 [main] INFO  testCase.TC_002_LoginTest - ************starting TC_002_login_test*****************
12:52:51.737 [main] INFO  testCase.TC_002_LoginTest - clicking on my account
12:52:51.790 [main] INFO  testCase.TC_002_LoginTest - clicking on login
12:52:52.039 [main] INFO  testCase.TC_002_LoginTest - enetring email id
12:52:52.110 [main] INFO  testCase.TC_002_LoginTest - enetring password
12:52:52.165 [main] INFO  testCase.TC_002_LoginTest - clicking on login button
12:52:52.409 [main] INFO  testCase.TC_002_LoginTest - verifying MyAccount label on my account page
12:52:52.444 [main] INFO  testCase.TC_002_LoginTest - ************finished TC_002_login_test*****************
14:06:26.047 [main] INFO  testCase.TC_001_AccountRegistrationForm - ***************starting TC_001_AccountRegistrationTest*************
14:06:26.067 [main] INFO  testCase.TC_001_AccountRegistrationForm - clicking on My Account link
14:06:26.124 [main] INFO  testCase.TC_001_AccountRegistrationForm - clicking on register link
14:06:26.389 [main] INFO  testCase.TC_001_AccountRegistrationForm - providing customer details
14:06:26.810 [main] INFO  testCase.TC_001_AccountRegistrationForm - clicking on continue button
14:06:29.196 [main] INFO  testCase.TC_001_AccountRegistrationForm - verifying customer registration
14:06:29.196 [main] INFO  testCase.TC_001_AccountRegistrationForm - test passed..........
14:06:29.198 [main] INFO  testCase.TC_001_AccountRegistrationForm - ***************Finished TC_001_AccountRegistrationTest*************
14:06:31.117 [main] INFO  testCase.TC_002_LoginTest - ************starting TC_002_login_test*****************
14:06:31.118 [main] INFO  testCase.TC_002_LoginTest - clicking on my account
14:06:31.167 [main] INFO  testCase.TC_002_LoginTest - clicking on login
14:06:31.436 [main] INFO  testCase.TC_002_LoginTest - enetring email id
14:06:31.499 [main] INFO  testCase.TC_002_LoginTest - enetring password
14:06:31.552 [main] INFO  testCase.TC_002_LoginTest - clicking on login button
14:06:31.775 [main] INFO  testCase.TC_002_LoginTest - verifying MyAccount label on my account page
14:06:31.814 [main] INFO  testCase.TC_002_LoginTest - ************finished TC_002_login_test*****************
14:06:34.370 [main] INFO  testCase.TC_003_LoginDataDrivenTest - *******starting TC_003_LoginDataDrivenTest**********
14:06:34.371 [main] INFO  testCase.TC_003_LoginDataDrivenTest - clicking on my account
14:06:34.417 [main] INFO  testCase.TC_003_LoginDataDrivenTest - clicking on login
14:06:34.639 [main] INFO  testCase.TC_003_LoginDataDrivenTest - enetring email id
14:06:34.730 [main] INFO  testCase.TC_003_LoginDataDrivenTest - enetring password
14:06:34.777 [main] INFO  testCase.TC_003_LoginDataDrivenTest - clicking on login button
14:06:34.930 [main] INFO  testCase.TC_003_LoginDataDrivenTest - verifying MyAccount label on my account page
14:06:45.233 [main] INFO  testCase.TC_003_LoginDataDrivenTest - *******starting TC_003_LoginDataDrivenTest**********
14:06:45.233 [main] INFO  testCase.TC_003_LoginDataDrivenTest - clicking on my account
14:06:45.279 [main] INFO  testCase.TC_003_LoginDataDrivenTest - clicking on login
14:06:45.465 [main] INFO  testCase.TC_003_LoginDataDrivenTest - enetring email id
14:06:45.546 [main] INFO  testCase.TC_003_LoginDataDrivenTest - enetring password
14:06:45.592 [main] INFO  testCase.TC_003_LoginDataDrivenTest - clicking on login button
14:06:45.810 [main] INFO  testCase.TC_003_LoginDataDrivenTest - verifying MyAccount label on my account page
14:06:46.056 [main] INFO  testCase.TC_003_LoginDataDrivenTest - ************finished TC_003_LoginDataDrivenTest*****************
14:06:46.058 [main] INFO  testCase.TC_003_LoginDataDrivenTest - *******starting TC_003_LoginDataDrivenTest**********
14:06:46.059 [main] INFO  testCase.TC_003_LoginDataDrivenTest - clicking on my account
14:06:46.105 [main] INFO  testCase.TC_003_LoginDataDrivenTest - clicking on login
14:06:46.320 [main] INFO  testCase.TC_003_LoginDataDrivenTest - enetring email id
14:06:46.379 [main] INFO  testCase.TC_003_LoginDataDrivenTest - enetring password
14:06:46.424 [main] INFO  testCase.TC_003_LoginDataDrivenTest - clicking on login button
14:06:46.587 [main] INFO  testCase.TC_003_LoginDataDrivenTest - verifying MyAccount label on my account page
14:06:56.793 [main] INFO  testCase.TC_003_LoginDataDrivenTest - *******starting TC_003_LoginDataDrivenTest**********
14:06:56.794 [main] INFO  testCase.TC_003_LoginDataDrivenTest - clicking on my account
14:06:56.835 [main] INFO  testCase.TC_003_LoginDataDrivenTest - clicking on login
14:06:57.008 [main] INFO  testCase.TC_003_LoginDataDrivenTest - enetring email id
14:06:57.091 [main] INFO  testCase.TC_003_LoginDataDrivenTest - enetring password
14:06:57.153 [main] INFO  testCase.TC_003_LoginDataDrivenTest - clicking on login button
14:06:57.376 [main] INFO  testCase.TC_003_LoginDataDrivenTest - verifying MyAccount label on my account page
14:06:57.657 [main] INFO  testCase.TC_003_LoginDataDrivenTest - ************finished TC_003_LoginDataDrivenTest*****************
14:11:35.283 [main] INFO  testCase.TC_003_LoginDataDrivenTest - *******starting TC_003_LoginDataDrivenTest**********
14:11:35.311 [main] INFO  testCase.TC_003_LoginDataDrivenTest - clicking on my account
14:11:35.359 [main] INFO  testCase.TC_003_LoginDataDrivenTest - clicking on login
14:11:35.591 [main] INFO  testCase.TC_003_LoginDataDrivenTest - enetring email id
14:11:35.690 [main] INFO  testCase.TC_003_LoginDataDrivenTest - enetring password
14:11:35.737 [main] INFO  testCase.TC_003_LoginDataDrivenTest - clicking on login button
14:11:35.908 [main] INFO  testCase.TC_003_LoginDataDrivenTest - verifying MyAccount label on my account page
14:11:46.227 [main] INFO  testCase.TC_003_LoginDataDrivenTest - *******starting TC_003_LoginDataDrivenTest**********
14:11:46.228 [main] INFO  testCase.TC_003_LoginDataDrivenTest - clicking on my account
14:11:46.277 [main] INFO  testCase.TC_003_LoginDataDrivenTest - clicking on login
14:11:46.504 [main] INFO  testCase.TC_003_LoginDataDrivenTest - enetring email id
14:11:46.580 [main] INFO  testCase.TC_003_LoginDataDrivenTest - enetring password
14:11:46.626 [main] INFO  testCase.TC_003_LoginDataDrivenTest - clicking on login button
14:11:46.836 [main] INFO  testCase.TC_003_LoginDataDrivenTest - verifying MyAccount label on my account page
14:11:47.111 [main] INFO  testCase.TC_003_LoginDataDrivenTest - ************finished TC_003_LoginDataDrivenTest*****************
14:11:47.118 [main] INFO  testCase.TC_003_LoginDataDrivenTest - *******starting TC_003_LoginDataDrivenTest**********
14:11:47.118 [main] INFO  testCase.TC_003_LoginDataDrivenTest - clicking on my account
14:11:47.167 [main] INFO  testCase.TC_003_LoginDataDrivenTest - clicking on login
14:11:47.358 [main] INFO  testCase.TC_003_LoginDataDrivenTest - enetring email id
14:11:47.423 [main] INFO  testCase.TC_003_LoginDataDrivenTest - enetring password
14:11:47.470 [main] INFO  testCase.TC_003_LoginDataDrivenTest - clicking on login button
14:11:47.631 [main] INFO  testCase.TC_003_LoginDataDrivenTest - verifying MyAccount label on my account page
14:11:57.865 [main] INFO  testCase.TC_003_LoginDataDrivenTest - *******starting TC_003_LoginDataDrivenTest**********
14:11:57.865 [main] INFO  testCase.TC_003_LoginDataDrivenTest - clicking on my account
14:11:57.906 [main] INFO  testCase.TC_003_LoginDataDrivenTest - clicking on login
14:11:58.099 [main] INFO  testCase.TC_003_LoginDataDrivenTest - enetring email id
14:11:58.182 [main] INFO  testCase.TC_003_LoginDataDrivenTest - enetring password
14:11:58.235 [main] INFO  testCase.TC_003_LoginDataDrivenTest - clicking on login button
14:11:58.462 [main] INFO  testCase.TC_003_LoginDataDrivenTest - verifying MyAccount label on my account page
14:11:58.719 [main] INFO  testCase.TC_003_LoginDataDrivenTest - ************finished TC_003_LoginDataDrivenTest*****************
14:17:07.509 [main] INFO  testCase.TC_003_LoginDataDrivenTest - *******starting TC_003_LoginDataDrivenTest**********
14:17:07.526 [main] INFO  testCase.TC_003_LoginDataDrivenTest - clicking on my account
14:17:07.573 [main] INFO  testCase.TC_003_LoginDataDrivenTest - clicking on login
14:17:07.806 [main] INFO  testCase.TC_003_LoginDataDrivenTest - enetring email id
14:17:07.883 [main] INFO  testCase.TC_003_LoginDataDrivenTest - enetring password
14:17:07.939 [main] INFO  testCase.TC_003_LoginDataDrivenTest - clicking on login button
14:17:08.134 [main] INFO  testCase.TC_003_LoginDataDrivenTest - verifying MyAccount label on my account page
14:17:18.435 [main] INFO  testCase.TC_003_LoginDataDrivenTest - *******starting TC_003_LoginDataDrivenTest**********
14:17:18.436 [main] INFO  testCase.TC_003_LoginDataDrivenTest - clicking on my account
14:17:18.484 [main] INFO  testCase.TC_003_LoginDataDrivenTest - clicking on login
14:17:18.672 [main] INFO  testCase.TC_003_LoginDataDrivenTest - enetring email id
14:17:18.757 [main] INFO  testCase.TC_003_LoginDataDrivenTest - enetring password
14:17:18.804 [main] INFO  testCase.TC_003_LoginDataDrivenTest - clicking on login button
14:17:19.034 [main] INFO  testCase.TC_003_LoginDataDrivenTest - verifying MyAccount label on my account page
14:17:19.339 [main] INFO  testCase.TC_003_LoginDataDrivenTest - ************finished TC_003_LoginDataDrivenTest*****************
14:17:19.341 [main] INFO  testCase.TC_003_LoginDataDrivenTest - *******starting TC_003_LoginDataDrivenTest**********
14:17:19.341 [main] INFO  testCase.TC_003_LoginDataDrivenTest - clicking on my account
14:17:19.380 [main] INFO  testCase.TC_003_LoginDataDrivenTest - clicking on login
14:17:19.556 [main] INFO  testCase.TC_003_LoginDataDrivenTest - enetring email id
14:17:19.623 [main] INFO  testCase.TC_003_LoginDataDrivenTest - enetring password
14:17:19.668 [main] INFO  testCase.TC_003_LoginDataDrivenTest - clicking on login button
14:17:19.833 [main] INFO  testCase.TC_003_LoginDataDrivenTest - verifying MyAccount label on my account page
14:17:30.021 [main] INFO  testCase.TC_003_LoginDataDrivenTest - *******starting TC_003_LoginDataDrivenTest**********
14:17:30.022 [main] INFO  testCase.TC_003_LoginDataDrivenTest - clicking on my account
14:17:30.064 [main] INFO  testCase.TC_003_LoginDataDrivenTest - clicking on login
14:17:30.244 [main] INFO  testCase.TC_003_LoginDataDrivenTest - enetring email id
14:17:30.333 [main] INFO  testCase.TC_003_LoginDataDrivenTest - enetring password
14:17:30.386 [main] INFO  testCase.TC_003_LoginDataDrivenTest - clicking on login button
14:17:30.615 [main] INFO  testCase.TC_003_LoginDataDrivenTest - verifying MyAccount label on my account page
14:17:30.867 [main] INFO  testCase.TC_003_LoginDataDrivenTest - ************finished TC_003_LoginDataDrivenTest*****************
14:29:13.630 [main] INFO  testCase.TC_003_LoginDataDrivenTest - *******starting TC_003_LoginDataDrivenTest**********
14:29:13.650 [main] INFO  testCase.TC_003_LoginDataDrivenTest - clicking on my account
14:29:13.694 [main] INFO  testCase.TC_003_LoginDataDrivenTest - clicking on login
14:29:13.944 [main] INFO  testCase.TC_003_LoginDataDrivenTest - enetring email id
14:29:14.018 [main] INFO  testCase.TC_003_LoginDataDrivenTest - enetring password
14:29:14.068 [main] INFO  testCase.TC_003_LoginDataDrivenTest - clicking on login button
14:29:14.238 [main] INFO  testCase.TC_003_LoginDataDrivenTest - verifying MyAccount label on my account page
14:29:24.482 [main] INFO  testCase.TC_003_LoginDataDrivenTest - *******starting TC_003_LoginDataDrivenTest**********
14:29:24.483 [main] INFO  testCase.TC_003_LoginDataDrivenTest - clicking on my account
14:29:24.532 [main] INFO  testCase.TC_003_LoginDataDrivenTest - clicking on login
14:29:24.780 [main] INFO  testCase.TC_003_LoginDataDrivenTest - enetring email id
14:29:24.856 [main] INFO  testCase.TC_003_LoginDataDrivenTest - enetring password
14:29:24.910 [main] INFO  testCase.TC_003_LoginDataDrivenTest - clicking on login button
14:29:25.172 [main] INFO  testCase.TC_003_LoginDataDrivenTest - verifying MyAccount label on my account page
14:29:25.470 [main] INFO  testCase.TC_003_LoginDataDrivenTest - ************finished TC_003_LoginDataDrivenTest*****************
14:29:25.475 [main] INFO  testCase.TC_003_LoginDataDrivenTest - *******starting TC_003_LoginDataDrivenTest**********
14:29:25.476 [main] INFO  testCase.TC_003_LoginDataDrivenTest - clicking on my account
14:29:25.519 [main] INFO  testCase.TC_003_LoginDataDrivenTest - clicking on login
14:29:25.724 [main] INFO  testCase.TC_003_LoginDataDrivenTest - enetring email id
14:29:25.787 [main] INFO  testCase.TC_003_LoginDataDrivenTest - enetring password
14:29:25.834 [main] INFO  testCase.TC_003_LoginDataDrivenTest - clicking on login button
14:29:26.015 [main] INFO  testCase.TC_003_LoginDataDrivenTest - verifying MyAccount label on my account page
14:29:36.274 [main] INFO  testCase.TC_003_LoginDataDrivenTest - *******starting TC_003_LoginDataDrivenTest**********
14:29:36.274 [main] INFO  testCase.TC_003_LoginDataDrivenTest - clicking on my account
14:29:36.321 [main] INFO  testCase.TC_003_LoginDataDrivenTest - clicking on login
14:29:36.495 [main] INFO  testCase.TC_003_LoginDataDrivenTest - enetring email id
14:29:36.581 [main] INFO  testCase.TC_003_LoginDataDrivenTest - enetring password
14:29:36.634 [main] INFO  testCase.TC_003_LoginDataDrivenTest - clicking on login button
14:29:36.856 [main] INFO  testCase.TC_003_LoginDataDrivenTest - verifying MyAccount label on my account page
14:29:37.137 [main] INFO  testCase.TC_003_LoginDataDrivenTest - ************finished TC_003_LoginDataDrivenTest*****************
14:33:57.028 [main] INFO  testCase.TC_003_LoginDataDrivenTest - *******starting TC_003_LoginDataDrivenTest**********
14:33:57.045 [main] INFO  testCase.TC_003_LoginDataDrivenTest - clicking on my account
14:33:57.093 [main] INFO  testCase.TC_003_LoginDataDrivenTest - clicking on login
14:33:57.312 [main] INFO  testCase.TC_003_LoginDataDrivenTest - entring email id
14:33:57.385 [main] INFO  testCase.TC_003_LoginDataDrivenTest - entring password
14:33:57.439 [main] INFO  testCase.TC_003_LoginDataDrivenTest - clicking on login button
14:33:57.614 [main] INFO  testCase.TC_003_LoginDataDrivenTest - verifying MyAccount label on my account page
14:34:07.954 [main] INFO  testCase.TC_003_LoginDataDrivenTest - *******starting TC_003_LoginDataDrivenTest**********
14:34:07.955 [main] INFO  testCase.TC_003_LoginDataDrivenTest - clicking on my account
14:34:08.006 [main] INFO  testCase.TC_003_LoginDataDrivenTest - clicking on login
14:34:08.197 [main] INFO  testCase.TC_003_LoginDataDrivenTest - entring email id
14:34:08.274 [main] INFO  testCase.TC_003_LoginDataDrivenTest - entring password
14:34:08.319 [main] INFO  testCase.TC_003_LoginDataDrivenTest - clicking on login button
14:34:08.554 [main] INFO  testCase.TC_003_LoginDataDrivenTest - verifying MyAccount label on my account page
14:34:08.583 [main] INFO  testCase.TC_003_LoginDataDrivenTest - validating valid data
14:34:08.836 [main] INFO  testCase.TC_003_LoginDataDrivenTest - ************finished TC_003_LoginDataDrivenTest*****************
14:34:08.839 [main] INFO  testCase.TC_003_LoginDataDrivenTest - *******starting TC_003_LoginDataDrivenTest**********
14:34:08.840 [main] INFO  testCase.TC_003_LoginDataDrivenTest - clicking on my account
14:34:08.879 [main] INFO  testCase.TC_003_LoginDataDrivenTest - clicking on login
14:34:09.086 [main] INFO  testCase.TC_003_LoginDataDrivenTest - entring email id
14:34:09.158 [main] INFO  testCase.TC_003_LoginDataDrivenTest - entring password
14:34:09.208 [main] INFO  testCase.TC_003_LoginDataDrivenTest - clicking on login button
14:34:09.387 [main] INFO  testCase.TC_003_LoginDataDrivenTest - verifying MyAccount label on my account page
14:34:19.567 [main] INFO  testCase.TC_003_LoginDataDrivenTest - *******starting TC_003_LoginDataDrivenTest**********
14:34:19.568 [main] INFO  testCase.TC_003_LoginDataDrivenTest - clicking on my account
14:34:19.619 [main] INFO  testCase.TC_003_LoginDataDrivenTest - clicking on login
14:34:19.819 [main] INFO  testCase.TC_003_LoginDataDrivenTest - entring email id
14:34:19.900 [main] INFO  testCase.TC_003_LoginDataDrivenTest - entring password
14:34:19.946 [main] INFO  testCase.TC_003_LoginDataDrivenTest - clicking on login button
14:34:20.169 [main] INFO  testCase.TC_003_LoginDataDrivenTest - verifying MyAccount label on my account page
14:34:20.199 [main] INFO  testCase.TC_003_LoginDataDrivenTest - validating valid data
14:34:20.417 [main] INFO  testCase.TC_003_LoginDataDrivenTest - ************finished TC_003_LoginDataDrivenTest*****************
14:35:41.488 [main] INFO  testCase.TC_003_LoginDataDrivenTest - *******starting TC_003_LoginDataDrivenTest**********
14:35:41.505 [main] INFO  testCase.TC_003_LoginDataDrivenTest - clicking on my account
14:35:41.553 [main] INFO  testCase.TC_003_LoginDataDrivenTest - clicking on login
14:35:41.775 [main] INFO  testCase.TC_003_LoginDataDrivenTest - entring email id
14:35:41.850 [main] INFO  testCase.TC_003_LoginDataDrivenTest - entring password
14:35:41.902 [main] INFO  testCase.TC_003_LoginDataDrivenTest - clicking on login button
14:35:42.090 [main] INFO  testCase.TC_003_LoginDataDrivenTest - verifying MyAccount label on my account page
14:35:42.133 [main] INFO  testCase.TC_003_LoginDataDrivenTest - validating invalid data
14:35:52.371 [main] INFO  testCase.TC_003_LoginDataDrivenTest - *******starting TC_003_LoginDataDrivenTest**********
14:35:52.372 [main] INFO  testCase.TC_003_LoginDataDrivenTest - clicking on my account
14:35:52.414 [main] INFO  testCase.TC_003_LoginDataDrivenTest - clicking on login
14:35:52.595 [main] INFO  testCase.TC_003_LoginDataDrivenTest - entring email id
14:35:52.675 [main] INFO  testCase.TC_003_LoginDataDrivenTest - entring password
14:35:52.726 [main] INFO  testCase.TC_003_LoginDataDrivenTest - clicking on login button
14:35:52.969 [main] INFO  testCase.TC_003_LoginDataDrivenTest - verifying MyAccount label on my account page
14:35:52.998 [main] INFO  testCase.TC_003_LoginDataDrivenTest - validating valid data
14:35:53.234 [main] INFO  testCase.TC_003_LoginDataDrivenTest - ************finished TC_003_LoginDataDrivenTest*****************
14:35:53.237 [main] INFO  testCase.TC_003_LoginDataDrivenTest - *******starting TC_003_LoginDataDrivenTest**********
14:35:53.237 [main] INFO  testCase.TC_003_LoginDataDrivenTest - clicking on my account
14:35:53.276 [main] INFO  testCase.TC_003_LoginDataDrivenTest - clicking on login
14:35:53.448 [main] INFO  testCase.TC_003_LoginDataDrivenTest - entring email id
14:35:53.515 [main] INFO  testCase.TC_003_LoginDataDrivenTest - entring password
14:35:53.562 [main] INFO  testCase.TC_003_LoginDataDrivenTest - clicking on login button
14:35:53.718 [main] INFO  testCase.TC_003_LoginDataDrivenTest - verifying MyAccount label on my account page
14:35:53.738 [main] INFO  testCase.TC_003_LoginDataDrivenTest - validating invalid data
14:36:03.963 [main] INFO  testCase.TC_003_LoginDataDrivenTest - *******starting TC_003_LoginDataDrivenTest**********
14:36:03.964 [main] INFO  testCase.TC_003_LoginDataDrivenTest - clicking on my account
14:36:04.005 [main] INFO  testCase.TC_003_LoginDataDrivenTest - clicking on login
14:36:04.204 [main] INFO  testCase.TC_003_LoginDataDrivenTest - entring email id
14:36:04.287 [main] INFO  testCase.TC_003_LoginDataDrivenTest - entring password
14:36:04.339 [main] INFO  testCase.TC_003_LoginDataDrivenTest - clicking on login button
14:36:04.568 [main] INFO  testCase.TC_003_LoginDataDrivenTest - verifying MyAccount label on my account page
14:36:04.599 [main] INFO  testCase.TC_003_LoginDataDrivenTest - validating valid data
14:36:04.825 [main] INFO  testCase.TC_003_LoginDataDrivenTest - ************finished TC_003_LoginDataDrivenTest*****************
15:53:41.639 [main] INFO  testCase.TC_003_LoginDataDrivenTest - *******starting TC_003_LoginDataDrivenTest**********
15:53:41.656 [main] INFO  testCase.TC_003_LoginDataDrivenTest - clicking on my account
15:53:41.711 [main] INFO  testCase.TC_003_LoginDataDrivenTest - clicking on login
15:53:41.958 [main] INFO  testCase.TC_003_LoginDataDrivenTest - entering email id
15:53:42.058 [main] INFO  testCase.TC_003_LoginDataDrivenTest - entering password
15:53:42.106 [main] INFO  testCase.TC_003_LoginDataDrivenTest - clicking on login button
15:53:42.279 [main] INFO  testCase.TC_003_LoginDataDrivenTest - verifying MyAccount label on my account page
15:53:42.328 [main] INFO  testCase.TC_003_LoginDataDrivenTest - ************finished TC_003_LoginDataDrivenTest*****************
15:53:42.344 [main] INFO  testCase.TC_003_LoginDataDrivenTest - *******starting TC_003_LoginDataDrivenTest**********
15:53:42.344 [main] INFO  testCase.TC_003_LoginDataDrivenTest - clicking on my account
15:53:42.379 [main] INFO  testCase.TC_003_LoginDataDrivenTest - clicking on login
15:53:42.549 [main] INFO  testCase.TC_003_LoginDataDrivenTest - entering email id
15:53:42.665 [main] INFO  testCase.TC_003_LoginDataDrivenTest - entering password
15:53:42.725 [main] INFO  testCase.TC_003_LoginDataDrivenTest - clicking on login button
15:53:42.983 [main] INFO  testCase.TC_003_LoginDataDrivenTest - verifying MyAccount label on my account page
15:53:43.011 [main] INFO  testCase.TC_003_LoginDataDrivenTest - ************finished TC_003_LoginDataDrivenTest*****************
15:53:43.013 [main] INFO  testCase.TC_003_LoginDataDrivenTest - *******starting TC_003_LoginDataDrivenTest**********
15:53:43.013 [main] INFO  testCase.TC_003_LoginDataDrivenTest - clicking on my account
15:53:43.043 [main] INFO  testCase.TC_003_LoginDataDrivenTest - clicking on login
15:53:53.284 [main] INFO  testCase.TC_003_LoginDataDrivenTest - *******starting TC_003_LoginDataDrivenTest**********
15:53:53.284 [main] INFO  testCase.TC_003_LoginDataDrivenTest - clicking on my account
15:53:53.332 [main] INFO  testCase.TC_003_LoginDataDrivenTest - clicking on login
15:54:48.029 [main] INFO  testCase.TC_003_LoginDataDrivenTest - *******starting TC_003_LoginDataDrivenTest**********
15:54:48.047 [main] INFO  testCase.TC_003_LoginDataDrivenTest - clicking on my account
15:54:48.094 [main] INFO  testCase.TC_003_LoginDataDrivenTest - clicking on login
15:54:48.307 [main] INFO  testCase.TC_003_LoginDataDrivenTest - entering email id
15:54:48.390 [main] INFO  testCase.TC_003_LoginDataDrivenTest - entering password
15:54:48.443 [main] INFO  testCase.TC_003_LoginDataDrivenTest - clicking on login button
15:54:48.620 [main] INFO  testCase.TC_003_LoginDataDrivenTest - verifying MyAccount label on my account page
15:54:48.675 [main] INFO  testCase.TC_003_LoginDataDrivenTest - ************finished TC_003_LoginDataDrivenTest*****************
15:54:48.692 [main] INFO  testCase.TC_003_LoginDataDrivenTest - *******starting TC_003_LoginDataDrivenTest**********
15:54:48.692 [main] INFO  testCase.TC_003_LoginDataDrivenTest - clicking on my account
15:54:48.733 [main] INFO  testCase.TC_003_LoginDataDrivenTest - clicking on login
15:54:48.929 [main] INFO  testCase.TC_003_LoginDataDrivenTest - entering email id
15:54:49.006 [main] INFO  testCase.TC_003_LoginDataDrivenTest - entering password
15:54:49.055 [main] INFO  testCase.TC_003_LoginDataDrivenTest - clicking on login button
15:54:49.280 [main] INFO  testCase.TC_003_LoginDataDrivenTest - verifying MyAccount label on my account page
15:54:49.312 [main] INFO  testCase.TC_003_LoginDataDrivenTest - ************finished TC_003_LoginDataDrivenTest*****************
15:54:49.315 [main] INFO  testCase.TC_003_LoginDataDrivenTest - *******starting TC_003_LoginDataDrivenTest**********
15:54:49.315 [main] INFO  testCase.TC_003_LoginDataDrivenTest - clicking on my account
15:54:49.352 [main] INFO  testCase.TC_003_LoginDataDrivenTest - clicking on login
15:54:59.607 [main] INFO  testCase.TC_003_LoginDataDrivenTest - *******starting TC_003_LoginDataDrivenTest**********
15:54:59.608 [main] INFO  testCase.TC_003_LoginDataDrivenTest - clicking on my account
15:54:59.656 [main] INFO  testCase.TC_003_LoginDataDrivenTest - clicking on login
15:57:54.308 [main] INFO  testCase.TC_003_LoginDataDrivenTest - *******starting TC_003_LoginDataDrivenTest**********
15:57:54.334 [main] INFO  testCase.TC_003_LoginDataDrivenTest - clicking on my account
15:57:54.389 [main] INFO  testCase.TC_003_LoginDataDrivenTest - clicking on login
15:57:54.626 [main] INFO  testCase.TC_003_LoginDataDrivenTest - entering email id
15:57:54.719 [main] INFO  testCase.TC_003_LoginDataDrivenTest - entering password
15:57:54.781 [main] INFO  testCase.TC_003_LoginDataDrivenTest - clicking on login button
15:57:54.987 [main] INFO  testCase.TC_003_LoginDataDrivenTest - verifying MyAccount label on my account page
15:57:55.046 [main] INFO  testCase.TC_003_LoginDataDrivenTest - ************finished TC_003_LoginDataDrivenTest*****************
15:57:55.067 [main] INFO  testCase.TC_003_LoginDataDrivenTest - *******starting TC_003_LoginDataDrivenTest**********
15:57:55.068 [main] INFO  testCase.TC_003_LoginDataDrivenTest - clicking on my account
15:57:55.117 [main] INFO  testCase.TC_003_LoginDataDrivenTest - clicking on login
15:57:55.294 [main] INFO  testCase.TC_003_LoginDataDrivenTest - entering email id
15:57:55.373 [main] INFO  testCase.TC_003_LoginDataDrivenTest - entering password
15:57:55.423 [main] INFO  testCase.TC_003_LoginDataDrivenTest - clicking on login button
15:57:55.672 [main] INFO  testCase.TC_003_LoginDataDrivenTest - verifying MyAccount label on my account page
15:57:55.701 [main] INFO  testCase.TC_003_LoginDataDrivenTest - ************finished TC_003_LoginDataDrivenTest*****************
15:57:55.704 [main] INFO  testCase.TC_003_LoginDataDrivenTest - *******starting TC_003_LoginDataDrivenTest**********
15:57:55.704 [main] INFO  testCase.TC_003_LoginDataDrivenTest - clicking on my account
15:57:55.737 [main] INFO  testCase.TC_003_LoginDataDrivenTest - clicking on login
15:58:06.016 [main] INFO  testCase.TC_003_LoginDataDrivenTest - *******starting TC_003_LoginDataDrivenTest**********
15:58:06.016 [main] INFO  testCase.TC_003_LoginDataDrivenTest - clicking on my account
15:58:06.073 [main] INFO  testCase.TC_003_LoginDataDrivenTest - clicking on login
16:05:30.408 [main] INFO  testCase.TC_003_LoginDataDrivenTest - *******starting TC_003_LoginDataDrivenTest**********
16:05:30.420 [main] INFO  testCase.TC_003_LoginDataDrivenTest - clicking on my account
16:05:30.467 [main] INFO  testCase.TC_003_LoginDataDrivenTest - clicking on login
16:05:30.681 [main] INFO  testCase.TC_003_LoginDataDrivenTest - entering email id
16:05:30.759 [main] INFO  testCase.TC_003_LoginDataDrivenTest - entering password
16:05:30.809 [main] INFO  testCase.TC_003_LoginDataDrivenTest - clicking on login button
16:05:30.971 [main] INFO  testCase.TC_003_LoginDataDrivenTest - verifying MyAccount label on my account page
16:05:31.022 [main] INFO  testCase.TC_003_LoginDataDrivenTest - validating invalid data
16:05:41.287 [main] INFO  testCase.TC_003_LoginDataDrivenTest - *******starting TC_003_LoginDataDrivenTest**********
16:05:41.287 [main] INFO  testCase.TC_003_LoginDataDrivenTest - clicking on my account
16:05:41.328 [main] INFO  testCase.TC_003_LoginDataDrivenTest - clicking on login
16:05:41.483 [main] INFO  testCase.TC_003_LoginDataDrivenTest - entering email id
16:05:41.554 [main] INFO  testCase.TC_003_LoginDataDrivenTest - entering password
16:05:41.604 [main] INFO  testCase.TC_003_LoginDataDrivenTest - clicking on login button
