10:58:29.258 [TestNG-tests-1] INFO  testCase.TC_002_LoginTest - ************starting TC_002_login_test*****************
10:58:29.274 [TestNG-tests-1] INFO  testCase.TC_002_LoginTest - clicking on my account
10:58:29.320 [TestNG-tests-1] INFO  testCase.TC_002_LoginTest - clicking on login
10:58:29.558 [TestNG-tests-1] INFO  testCase.TC_002_LoginTest - enetring email id
10:58:29.634 [TestNG-tests-1] INFO  testCase.TC_002_LoginTest - entering password
10:58:29.702 [TestNG-tests-1] INFO  testCase.TC_002_LoginTest - clicking on login button
10:58:30.073 [TestNG-tests-1] INFO  testCase.TC_002_LoginTest - verifying MyAccount label on my account page
10:58:30.108 [TestNG-tests-1] INFO  testCase.TC_002_LoginTest - ************finished TC_002_login_test*****************
10:58:30.795 [TestNG-tests-2] INFO  testCase.TC_002_LoginTest - ************starting TC_002_login_test*****************
10:58:30.795 [TestNG-tests-2] INFO  testCase.TC_002_LoginTest - clicking on my account
10:58:30.842 [TestNG-tests-2] INFO  testCase.TC_002_LoginTest - clicking on login
10:58:31.037 [TestNG-tests-2] INFO  testCase.TC_002_LoginTest - enetring email id
10:58:31.109 [TestNG-tests-2] INFO  testCase.TC_002_LoginTest - entering password
10:58:31.163 [TestNG-tests-2] INFO  testCase.TC_002_LoginTest - clicking on login button
10:58:31.396 [TestNG-tests-2] INFO  testCase.TC_002_LoginTest - verifying MyAccount label on my account page
10:58:31.426 [TestNG-tests-2] INFO  testCase.TC_002_LoginTest - ************finished TC_002_login_test*****************
11:00:54.429 [TestNG-tests-1] INFO  testCase.TC_002_LoginTest - ************starting TC_002_login_test*****************
11:00:54.442 [TestNG-tests-1] INFO  testCase.TC_002_LoginTest - clicking on my account
11:00:54.494 [TestNG-tests-1] INFO  testCase.TC_002_LoginTest - clicking on login
11:00:54.737 [TestNG-tests-1] INFO  testCase.TC_002_LoginTest - enetring email id
11:00:54.834 [TestNG-tests-1] INFO  testCase.TC_002_LoginTest - entering password
11:00:54.884 [TestNG-tests-1] INFO  testCase.TC_002_LoginTest - clicking on login button
11:00:55.229 [TestNG-tests-1] INFO  testCase.TC_002_LoginTest - verifying MyAccount label on my account page
11:00:55.265 [TestNG-tests-1] INFO  testCase.TC_002_LoginTest - ************finished TC_002_login_test*****************
11:00:55.954 [TestNG-tests-2] INFO  testCase.TC_002_LoginTest - ************starting TC_002_login_test*****************
11:00:55.955 [TestNG-tests-2] INFO  testCase.TC_002_LoginTest - clicking on my account
11:00:55.998 [TestNG-tests-2] INFO  testCase.TC_002_LoginTest - clicking on login
11:00:56.210 [TestNG-tests-2] INFO  testCase.TC_002_LoginTest - enetring email id
11:00:56.277 [TestNG-tests-2] INFO  testCase.TC_002_LoginTest - entering password
11:00:56.331 [TestNG-tests-2] INFO  testCase.TC_002_LoginTest - clicking on login button
11:00:56.579 [TestNG-tests-2] INFO  testCase.TC_002_LoginTest - verifying MyAccount label on my account page
11:00:56.610 [TestNG-tests-2] INFO  testCase.TC_002_LoginTest - ************finished TC_002_login_test*****************
11:01:32.430 [main] INFO  testCase.TC_002_LoginTest - ************starting TC_002_login_test*****************
11:01:32.443 [main] INFO  testCase.TC_002_LoginTest - clicking on my account
11:01:32.496 [main] INFO  testCase.TC_002_LoginTest - clicking on login
11:01:32.711 [main] INFO  testCase.TC_002_LoginTest - enetring email id
11:01:32.776 [main] INFO  testCase.TC_002_LoginTest - entering password
11:01:32.823 [main] INFO  testCase.TC_002_LoginTest - clicking on login button
11:01:33.033 [main] INFO  testCase.TC_002_LoginTest - verifying MyAccount label on my account page
11:01:33.069 [main] INFO  testCase.TC_002_LoginTest - ************finished TC_002_login_test*****************
11:01:36.618 [main] INFO  testCase.TC_002_LoginTest - ************starting TC_002_login_test*****************
11:01:36.619 [main] INFO  testCase.TC_002_LoginTest - clicking on my account
11:01:36.667 [main] INFO  testCase.TC_002_LoginTest - clicking on login
11:01:36.872 [main] INFO  testCase.TC_002_LoginTest - enetring email id
11:01:36.958 [main] INFO  testCase.TC_002_LoginTest - entering password
11:01:37.022 [main] INFO  testCase.TC_002_LoginTest - clicking on login button
11:01:37.263 [main] INFO  testCase.TC_002_LoginTest - verifying MyAccount label on my account page
11:01:37.291 [main] INFO  testCase.TC_002_LoginTest - ************finished TC_002_login_test*****************
13:31:19.734 [main] INFO  testCase.TC_003_LoginDataDrivenTest - *******starting TC_003_LoginDataDrivenTest**********
13:31:19.764 [main] INFO  testCase.TC_003_LoginDataDrivenTest - clicking on my account
13:31:19.853 [main] INFO  testCase.TC_003_LoginDataDrivenTest - clicking on login
13:31:20.316 [main] INFO  testCase.TC_003_LoginDataDrivenTest - entering email id
13:31:20.522 [main] INFO  testCase.TC_003_LoginDataDrivenTest - entering password
13:31:20.638 [main] INFO  testCase.TC_003_LoginDataDrivenTest - clicking on login button
13:31:21.023 [main] INFO  testCase.TC_003_LoginDataDrivenTest - verifying MyAccount label on my account page
13:31:31.055 [main] INFO  testCase.TC_003_LoginDataDrivenTest - validating invalid data
13:31:31.056 [main] INFO  testCase.TC_003_LoginDataDrivenTest - validating invalid data
13:31:31.059 [main] INFO  testCase.TC_003_LoginDataDrivenTest - ************finished TC_003_LoginDataDrivenTest*****************
13:31:31.081 [main] INFO  testCase.TC_003_LoginDataDrivenTest - *******starting TC_003_LoginDataDrivenTest**********
13:31:31.081 [main] INFO  testCase.TC_003_LoginDataDrivenTest - clicking on my account
13:31:31.113 [main] INFO  testCase.TC_003_LoginDataDrivenTest - clicking on login
13:31:31.351 [main] INFO  testCase.TC_003_LoginDataDrivenTest - entering email id
13:31:31.420 [main] INFO  testCase.TC_003_LoginDataDrivenTest - entering password
13:31:31.484 [main] INFO  testCase.TC_003_LoginDataDrivenTest - clicking on login button
13:31:31.803 [main] INFO  testCase.TC_003_LoginDataDrivenTest - verifying MyAccount label on my account page
13:31:31.860 [main] INFO  testCase.TC_003_LoginDataDrivenTest - validating valid data
13:31:32.185 [main] INFO  testCase.TC_003_LoginDataDrivenTest - ************finished TC_003_LoginDataDrivenTest*****************
13:31:32.192 [main] INFO  testCase.TC_003_LoginDataDrivenTest - *******starting TC_003_LoginDataDrivenTest**********
13:31:32.195 [main] INFO  testCase.TC_003_LoginDataDrivenTest - clicking on my account
13:31:32.252 [main] INFO  testCase.TC_003_LoginDataDrivenTest - clicking on login
13:31:32.529 [main] INFO  testCase.TC_003_LoginDataDrivenTest - entering email id
13:31:32.613 [main] INFO  testCase.TC_003_LoginDataDrivenTest - entering password
13:31:32.699 [main] INFO  testCase.TC_003_LoginDataDrivenTest - clicking on login button
13:31:32.958 [main] INFO  testCase.TC_003_LoginDataDrivenTest - verifying MyAccount label on my account page
13:31:42.998 [main] INFO  testCase.TC_003_LoginDataDrivenTest - validating invalid data
13:31:42.998 [main] INFO  testCase.TC_003_LoginDataDrivenTest - validating invalid data
13:31:42.998 [main] INFO  testCase.TC_003_LoginDataDrivenTest - ************finished TC_003_LoginDataDrivenTest*****************
13:31:43.002 [main] INFO  testCase.TC_003_LoginDataDrivenTest - *******starting TC_003_LoginDataDrivenTest**********
13:31:43.003 [main] INFO  testCase.TC_003_LoginDataDrivenTest - clicking on my account
13:31:43.044 [main] INFO  testCase.TC_003_LoginDataDrivenTest - clicking on login
13:31:43.315 [main] INFO  testCase.TC_003_LoginDataDrivenTest - entering email id
13:31:43.396 [main] INFO  testCase.TC_003_LoginDataDrivenTest - entering password
13:31:43.484 [main] INFO  testCase.TC_003_LoginDataDrivenTest - clicking on login button
13:31:43.830 [main] INFO  testCase.TC_003_LoginDataDrivenTest - verifying MyAccount label on my account page
13:31:43.869 [main] INFO  testCase.TC_003_LoginDataDrivenTest - validating valid data
13:31:44.162 [main] INFO  testCase.TC_003_LoginDataDrivenTest - ************finished TC_003_LoginDataDrivenTest*****************
13:32:34.096 [TestNG-tests-1] INFO  testCase.TC_002_LoginTest - ************starting TC_002_login_test*****************
13:32:34.173 [TestNG-tests-1] INFO  testCase.TC_002_LoginTest - clicking on my account
13:32:34.632 [TestNG-tests-1] INFO  testCase.TC_002_LoginTest - clicking on login
13:32:36.013 [TestNG-tests-1] INFO  testCase.TC_002_LoginTest - enetring email id
13:32:46.894 [TestNG-tests-2] INFO  testCase.TC_002_LoginTest - ************starting TC_002_login_test*****************
13:32:46.895 [TestNG-tests-2] INFO  testCase.TC_002_LoginTest - clicking on my account
13:32:47.371 [TestNG-tests-2] INFO  testCase.TC_002_LoginTest - clicking on login
