08:29:05.103 [main] INFO  testCase.TC_001_AccountRegistrationForm - clicking on continue button
08:29:07.680 [main] INFO  testCase.TC_001_AccountRegistrationForm - verifying customer registration
08:29:07.680 [main] INFO  testCase.TC_001_AccountRegistrationForm - test passed..........
08:29:07.682 [main] INFO  testCase.TC_001_AccountRegistrationForm - ***************Finished TC_001_AccountRegistrationTest*************
08:29:09.960 [main] INFO  testCase.TC_002_LoginTest - ************starting TC_002_login_test*****************
08:29:09.960 [main] INFO  testCase.TC_002_LoginTest - clicking on my account
08:29:10.019 [main] INFO  testCase.TC_002_LoginTest - clicking on login
08:29:10.326 [main] INFO  testCase.TC_002_LoginTest - enetring email id
08:29:10.450 [main] INFO  testCase.TC_002_LoginTest - enetring password
08:29:10.530 [main] INFO  testCase.TC_002_LoginTest - clicking on login button
08:29:10.887 [main] INFO  testCase.TC_002_LoginTest - verifying MyAccount label on my account page
08:29:10.936 [main] INFO  testCase.TC_002_LoginTest - ************finished TC_002_login_test*****************
09:27:50.588 [main] INFO  testCase.TC_001_AccountRegistrationForm - ***************starting TC_001_AccountRegistrationTest*************
09:27:50.603 [main] INFO  testCase.TC_001_AccountRegistrationForm - clicking on My Account link
09:27:50.661 [main] INFO  testCase.TC_001_AccountRegistrationForm - clicking on register link
09:27:50.908 [main] INFO  testCase.TC_001_AccountRegistrationForm - providing customer details
09:27:51.325 [main] INFO  testCase.TC_001_AccountRegistrationForm - clicking on continue button
09:27:53.739 [main] INFO  testCase.TC_001_AccountRegistrationForm - verifying customer registration
09:27:53.739 [main] INFO  testCase.TC_001_AccountRegistrationForm - test passed..........
09:27:53.741 [main] INFO  testCase.TC_001_AccountRegistrationForm - ***************Finished TC_001_AccountRegistrationTest*************
09:27:55.210 [main] INFO  testCase.TC_002_LoginTest - ************starting TC_002_login_test*****************
09:27:55.211 [main] INFO  testCase.TC_002_LoginTest - clicking on my account
09:27:55.257 [main] INFO  testCase.TC_002_LoginTest - clicking on login
09:27:55.473 [main] INFO  testCase.TC_002_LoginTest - enetring email id
09:27:55.566 [main] INFO  testCase.TC_002_LoginTest - enetring password
09:27:55.621 [main] INFO  testCase.TC_002_LoginTest - clicking on login button
09:27:55.858 [main] INFO  testCase.TC_002_LoginTest - verifying MyAccount label on my account page
09:27:55.895 [main] INFO  testCase.TC_002_LoginTest - ************finished TC_002_login_test*****************
09:48:11.858 [main] INFO  testCase.TC_001_AccountRegistrationForm - ***************starting TC_001_AccountRegistrationTest*************
09:48:11.870 [main] INFO  testCase.TC_001_AccountRegistrationForm - clicking on My Account link
09:48:11.937 [main] INFO  testCase.TC_001_AccountRegistrationForm - clicking on register link
09:48:12.222 [main] INFO  testCase.TC_001_AccountRegistrationForm - providing customer details
09:48:12.664 [main] INFO  testCase.TC_001_AccountRegistrationForm - clicking on continue button
09:48:15.043 [main] INFO  testCase.TC_001_AccountRegistrationForm - verifying customer registration
09:48:15.043 [main] INFO  testCase.TC_001_AccountRegistrationForm - test passed..........
09:48:15.045 [main] INFO  testCase.TC_001_AccountRegistrationForm - ***************Finished TC_001_AccountRegistrationTest*************
09:48:16.971 [main] INFO  testCase.TC_002_LoginTest - ************starting TC_002_login_test*****************
09:48:16.972 [main] INFO  testCase.TC_002_LoginTest - clicking on my account
09:48:17.028 [main] INFO  testCase.TC_002_LoginTest - clicking on login
09:48:17.280 [main] INFO  testCase.TC_002_LoginTest - enetring email id
09:48:17.376 [main] INFO  testCase.TC_002_LoginTest - enetring password
09:48:17.430 [main] INFO  testCase.TC_002_LoginTest - clicking on login button
09:48:17.691 [main] INFO  testCase.TC_002_LoginTest - verifying MyAccount label on my account page
09:48:17.727 [main] INFO  testCase.TC_002_LoginTest - ************finished TC_002_login_test*****************
09:48:45.612 [main] INFO  testCase.TC_001_AccountRegistrationForm - ***************starting TC_001_AccountRegistrationTest*************
09:48:45.665 [main] INFO  testCase.TC_001_AccountRegistrationForm - clicking on My Account link
09:48:45.731 [main] INFO  testCase.TC_001_AccountRegistrationForm - clicking on register link
09:48:46.146 [main] INFO  testCase.TC_001_AccountRegistrationForm - providing customer details
09:48:46.789 [main] INFO  testCase.TC_001_AccountRegistrationForm - clicking on continue button
09:48:49.209 [main] INFO  testCase.TC_001_AccountRegistrationForm - verifying customer registration
09:48:49.210 [main] INFO  testCase.TC_001_AccountRegistrationForm - test passed..........
09:48:49.211 [main] INFO  testCase.TC_001_AccountRegistrationForm - ***************Finished TC_001_AccountRegistrationTest*************
09:48:51.120 [main] INFO  testCase.TC_002_LoginTest - ************starting TC_002_login_test*****************
09:48:51.121 [main] INFO  testCase.TC_002_LoginTest - clicking on my account
09:48:51.170 [main] INFO  testCase.TC_002_LoginTest - clicking on login
09:48:51.387 [main] INFO  testCase.TC_002_LoginTest - enetring email id
09:48:51.470 [main] INFO  testCase.TC_002_LoginTest - enetring password
09:48:51.526 [main] INFO  testCase.TC_002_LoginTest - clicking on login button
09:48:51.758 [main] INFO  testCase.TC_002_LoginTest - verifying MyAccount label on my account page
09:48:51.802 [main] INFO  testCase.TC_002_LoginTest - ************finished TC_002_login_test*****************
09:49:24.177 [main] INFO  testCase.TC_001_AccountRegistrationForm - ***************starting TC_001_AccountRegistrationTest*************
09:49:24.201 [main] INFO  testCase.TC_001_AccountRegistrationForm - clicking on My Account link
09:49:24.256 [main] INFO  testCase.TC_001_AccountRegistrationForm - clicking on register link
09:49:24.549 [main] INFO  testCase.TC_001_AccountRegistrationForm - providing customer details
09:49:24.962 [main] INFO  testCase.TC_001_AccountRegistrationForm - clicking on continue button
09:49:27.277 [main] INFO  testCase.TC_001_AccountRegistrationForm - verifying customer registration
09:49:27.277 [main] INFO  testCase.TC_001_AccountRegistrationForm - test passed..........
09:49:27.279 [main] INFO  testCase.TC_001_AccountRegistrationForm - ***************Finished TC_001_AccountRegistrationTest*************
09:49:29.031 [main] INFO  testCase.TC_002_LoginTest - ************starting TC_002_login_test*****************
09:49:29.031 [main] INFO  testCase.TC_002_LoginTest - clicking on my account
09:49:29.086 [main] INFO  testCase.TC_002_LoginTest - clicking on login
09:49:29.319 [main] INFO  testCase.TC_002_LoginTest - enetring email id
09:49:29.390 [main] INFO  testCase.TC_002_LoginTest - enetring password
09:49:29.447 [main] INFO  testCase.TC_002_LoginTest - clicking on login button
09:49:29.666 [main] INFO  testCase.TC_002_LoginTest - verifying MyAccount label on my account page
09:49:29.704 [main] INFO  testCase.TC_002_LoginTest - ************finished TC_002_login_test*****************
09:50:31.005 [main] INFO  testCase.TC_001_AccountRegistrationForm - ***************starting TC_001_AccountRegistrationTest*************
09:50:31.018 [main] INFO  testCase.TC_001_AccountRegistrationForm - clicking on My Account link
09:50:31.078 [main] INFO  testCase.TC_001_AccountRegistrationForm - clicking on register link
09:50:31.330 [main] INFO  testCase.TC_001_AccountRegistrationForm - providing customer details
09:50:31.734 [main] INFO  testCase.TC_001_AccountRegistrationForm - clicking on continue button
09:50:34.094 [main] INFO  testCase.TC_001_AccountRegistrationForm - verifying customer registration
09:50:34.094 [main] INFO  testCase.TC_001_AccountRegistrationForm - test passed..........
09:50:34.095 [main] INFO  testCase.TC_001_AccountRegistrationForm - ***************Finished TC_001_AccountRegistrationTest*************
09:50:35.460 [main] INFO  testCase.TC_002_LoginTest - ************starting TC_002_login_test*****************
09:50:35.461 [main] INFO  testCase.TC_002_LoginTest - clicking on my account
09:50:35.514 [main] INFO  testCase.TC_002_LoginTest - clicking on login
09:50:35.757 [main] INFO  testCase.TC_002_LoginTest - enetring email id
09:50:35.852 [main] INFO  testCase.TC_002_LoginTest - enetring password
09:50:35.900 [main] INFO  testCase.TC_002_LoginTest - clicking on login button
09:50:36.118 [main] INFO  testCase.TC_002_LoginTest - verifying MyAccount label on my account page
09:50:36.154 [main] INFO  testCase.TC_002_LoginTest - ************finished TC_002_login_test*****************
10:00:31.155 [main] INFO  testCase.TC_001_AccountRegistrationForm - ***************starting TC_001_AccountRegistrationTest*************
10:00:31.171 [main] INFO  testCase.TC_001_AccountRegistrationForm - clicking on My Account link
10:00:31.239 [main] INFO  testCase.TC_001_AccountRegistrationForm - clicking on register link
10:00:31.521 [main] INFO  testCase.TC_001_AccountRegistrationForm - providing customer details
10:00:31.937 [main] INFO  testCase.TC_001_AccountRegistrationForm - clicking on continue button
10:00:34.280 [main] INFO  testCase.TC_001_AccountRegistrationForm - verifying customer registration
10:00:34.280 [main] INFO  testCase.TC_001_AccountRegistrationForm - test passed..........
10:00:34.282 [main] INFO  testCase.TC_001_AccountRegistrationForm - ***************Finished TC_001_AccountRegistrationTest*************
10:00:35.660 [main] INFO  testCase.TC_002_LoginTest - ************starting TC_002_login_test*****************
10:00:35.660 [main] INFO  testCase.TC_002_LoginTest - clicking on my account
10:00:35.719 [main] INFO  testCase.TC_002_LoginTest - clicking on login
10:00:35.936 [main] INFO  testCase.TC_002_LoginTest - enetring email id
10:00:36.014 [main] INFO  testCase.TC_002_LoginTest - enetring password
10:00:36.065 [main] INFO  testCase.TC_002_LoginTest - clicking on login button
10:00:36.293 [main] INFO  testCase.TC_002_LoginTest - verifying MyAccount label on my account page
10:00:36.332 [main] INFO  testCase.TC_002_LoginTest - ************finished TC_002_login_test*****************
17:57:23.548 [main] INFO  testCase.TC_004_SearchProduct - *********starting TC_004_Search****************
17:57:23.571 [main] INFO  testCase.TC_004_SearchProduct - entering product name to search
17:57:23.640 [main] INFO  testCase.TC_004_SearchProduct - clicking on search button
17:57:24.136 [main] INFO  testCase.TC_004_SearchProduct - checking if searched product exists
17:57:24.190 [main] INFO  testCase.TC_004_SearchProduct - clicking on searched product
17:57:24.214 [main] INFO  testCase.TC_004_SearchProduct - enetring quantity
18:01:17.616 [main] INFO  testCase.TC_004_SearchProduct - *********starting TC_004_Search****************
18:01:17.627 [main] INFO  testCase.TC_004_SearchProduct - entering product name to search
18:01:17.703 [main] INFO  testCase.TC_004_SearchProduct - clicking on search button
18:01:18.109 [main] INFO  testCase.TC_004_SearchProduct - checking if searched product exists
18:01:18.156 [main] INFO  testCase.TC_004_SearchProduct - clicking on searched product
18:01:18.180 [main] INFO  testCase.TC_004_SearchProduct - enetring quantity
18:09:19.030 [main] INFO  testCase.TC_004_SearchProduct - *********starting TC_004_Search****************
18:09:19.066 [main] INFO  testCase.TC_004_SearchProduct - entering product name to search
18:09:19.205 [main] INFO  testCase.TC_004_SearchProduct - clicking on search button
18:09:19.650 [main] INFO  testCase.TC_004_SearchProduct - checking if searched product exists
18:09:19.688 [main] INFO  testCase.TC_004_SearchProduct - clicking on searched product
18:09:19.712 [main] INFO  testCase.TC_004_SearchProduct - enetring quantity
18:13:52.562 [main] INFO  testCase.TC_004_SearchProduct - *********starting TC_004_Search****************
18:13:52.584 [main] INFO  testCase.TC_004_SearchProduct - entering product name to search
18:13:52.696 [main] INFO  testCase.TC_004_SearchProduct - clicking on search button
18:13:53.123 [main] INFO  testCase.TC_004_SearchProduct - checking if searched product exists
18:13:53.160 [main] INFO  testCase.TC_004_SearchProduct - clicking on searched product
18:13:53.185 [main] INFO  testCase.TC_004_SearchProduct - entering quantity
18:14:02.470 [main] INFO  testCase.TC_004_SearchProduct - clicking on add to cart button
18:14:02.529 [main] INFO  testCase.TC_004_SearchProduct - checking add to cart successful message
18:14:02.662 [main] INFO  testCase.TC_004_SearchProduct - *********Ending TC_004_Search****************
18:16:47.414 [main] INFO  testCase.TC_004_SearchProduct - *********starting TC_004_Search****************
18:16:47.434 [main] INFO  testCase.TC_004_SearchProduct - entering product name to search
18:16:47.532 [main] INFO  testCase.TC_004_SearchProduct - clicking on search button
18:16:48.020 [main] INFO  testCase.TC_004_SearchProduct - checking if searched product exists
18:16:48.060 [main] INFO  testCase.TC_004_SearchProduct - clicking on searched product
18:16:48.084 [main] INFO  testCase.TC_004_SearchProduct - entering quantity
18:19:42.142 [main] INFO  testCase.TC_004_SearchProduct - *********starting TC_004_Search****************
18:19:42.161 [main] INFO  testCase.TC_004_SearchProduct - entering product name to search
18:19:42.306 [main] INFO  testCase.TC_004_SearchProduct - clicking on search button
18:19:42.694 [main] INFO  testCase.TC_004_SearchProduct - checking if searched product exists
18:19:42.734 [main] INFO  testCase.TC_004_SearchProduct - clicking on searched product
18:19:42.755 [main] INFO  testCase.TC_004_SearchProduct - entering quantity
18:19:51.106 [main] INFO  testCase.TC_004_SearchProduct - clicking on add to cart button
18:19:51.162 [main] INFO  testCase.TC_004_SearchProduct - checking add to cart successful message
18:19:51.297 [main] INFO  testCase.TC_004_SearchProduct - *********Ending TC_004_Search****************
18:24:35.088 [main] INFO  testCase.TC_004_SearchProduct - *********starting TC_004_Search****************
18:24:35.107 [main] INFO  testCase.TC_004_SearchProduct - entering product name to search
18:24:35.244 [main] INFO  testCase.TC_004_SearchProduct - clicking on search button
18:24:35.786 [main] INFO  testCase.TC_004_SearchProduct - checking if searched product exists
18:24:35.870 [main] INFO  testCase.TC_004_SearchProduct - clicking on searched product
18:24:35.907 [main] INFO  testCase.TC_004_SearchProduct - entering quantity
18:45:01.453 [main] INFO  testCase.TC_004_SearchProduct - *********starting TC_004_Search****************
18:45:01.472 [main] INFO  testCase.TC_004_SearchProduct - entering product name to search
18:45:01.585 [main] INFO  testCase.TC_004_SearchProduct - clicking on search button
18:45:01.982 [main] INFO  testCase.TC_004_SearchProduct - checking if searched product exists
18:45:02.074 [main] INFO  testCase.TC_004_SearchProduct - *********Ending TC_004_Search****************
20:50:35.112 [main] INFO  testCase.TC_005_AddToCartTest - ***************starting TC_005_AddToCartTest**********
20:50:35.127 [main] INFO  testCase.TC_005_AddToCartTest - entering product name to search
20:50:35.233 [main] INFO  testCase.TC_005_AddToCartTest - clicking on search button
20:50:35.724 [main] INFO  testCase.TC_005_AddToCartTest - clicking on the searched product
20:53:54.157 [main] INFO  testCase.TC_004_SearchProduct - *********starting TC_004_Search****************
20:53:54.180 [main] INFO  testCase.TC_004_SearchProduct - entering product name to search
20:53:54.313 [main] INFO  testCase.TC_004_SearchProduct - clicking on search button
20:53:54.763 [main] INFO  testCase.TC_004_SearchProduct - checking if searched product exists
20:53:54.837 [main] INFO  testCase.TC_004_SearchProduct - *********Ending TC_004_Search****************
20:53:56.792 [main] INFO  testCase.TC_005_AddToCartTest - ***************starting TC_005_AddToCartTest**********
20:53:56.793 [main] INFO  testCase.TC_005_AddToCartTest - entering product name to search
20:53:56.901 [main] INFO  testCase.TC_005_AddToCartTest - clicking on search button
20:53:57.302 [main] INFO  testCase.TC_005_AddToCartTest - clicking on the searched product
21:00:54.146 [main] INFO  testCase.TC_004_SearchProduct - *********starting TC_004_SearchProduct****************
21:00:54.162 [main] INFO  testCase.TC_004_SearchProduct - entering product name to search
21:00:54.280 [main] INFO  testCase.TC_004_SearchProduct - clicking on search button
21:00:54.710 [main] INFO  testCase.TC_004_SearchProduct - checking if searched product exists
21:00:54.812 [main] INFO  testCase.TC_004_SearchProduct - *********Ending TC_004_SearchProduct****************
21:00:56.766 [main] INFO  testCase.TC_005_AddToCartTest - ***************starting TC_005_AddToCartTest**********
21:00:56.767 [main] INFO  testCase.TC_005_AddToCartTest - entering product name to search
21:00:56.849 [main] INFO  testCase.TC_005_AddToCartTest - clicking on search button
21:01:34.830 [main] INFO  testCase.TC_004_SearchProduct - *********starting TC_004_SearchProduct****************
21:01:34.849 [main] INFO  testCase.TC_004_SearchProduct - entering product name to search
21:01:34.955 [main] INFO  testCase.TC_004_SearchProduct - clicking on search button
21:01:35.374 [main] INFO  testCase.TC_004_SearchProduct - checking if searched product exists
21:01:35.454 [main] INFO  testCase.TC_004_SearchProduct - *********Ending TC_004_SearchProduct****************
21:01:37.396 [main] INFO  testCase.TC_005_AddToCartTest - ***************starting TC_005_AddToCartTest**********
21:01:37.397 [main] INFO  testCase.TC_005_AddToCartTest - entering product name to search
21:01:37.484 [main] INFO  testCase.TC_005_AddToCartTest - clicking on search button
21:01:49.662 [main] INFO  testCase.TC_005_AddToCartTest - ***************ending TC_005_AddToCartTest**********
21:02:42.804 [main] INFO  testCase.TC_004_SearchProduct - *********starting TC_004_SearchProduct****************
21:02:42.818 [main] INFO  testCase.TC_004_SearchProduct - entering product name to search
21:02:42.917 [main] INFO  testCase.TC_004_SearchProduct - clicking on search button
21:02:43.300 [main] INFO  testCase.TC_004_SearchProduct - checking if searched product exists
21:02:43.381 [main] INFO  testCase.TC_004_SearchProduct - *********Ending TC_004_SearchProduct****************
21:02:44.741 [main] INFO  testCase.TC_005_AddToCartTest - ***************starting TC_005_AddToCartTest**********
21:02:44.741 [main] INFO  testCase.TC_005_AddToCartTest - entering product name to search
21:02:44.824 [main] INFO  testCase.TC_005_AddToCartTest - clicking on search button
21:03:36.899 [main] INFO  testCase.TC_005_AddToCartTest - ***************starting TC_005_AddToCartTest**********
21:03:36.918 [main] INFO  testCase.TC_005_AddToCartTest - entering product name to search
21:03:37.036 [main] INFO  testCase.TC_005_AddToCartTest - clicking on search button
21:04:02.659 [main] INFO  testCase.TC_005_AddToCartTest - ***************starting TC_005_AddToCartTest**********
21:04:02.676 [main] INFO  testCase.TC_005_AddToCartTest - entering product name to search
21:04:02.827 [main] INFO  testCase.TC_005_AddToCartTest - clicking on search button
21:04:13.530 [main] INFO  testCase.TC_005_AddToCartTest - ***************ending TC_005_AddToCartTest**********
21:09:24.701 [main] INFO  testCase.TC_005_AddToCartTest - ***************starting TC_005_AddToCartTest**********
21:09:24.717 [main] INFO  testCase.TC_005_AddToCartTest - entering product name to search
21:09:24.868 [main] INFO  testCase.TC_005_AddToCartTest - clicking on search button
06:50:38.725 [main] INFO  testCase.TC_005_AddToCartTest - ***************starting TC_005_AddToCartTest**********
06:50:38.743 [main] INFO  testCase.TC_005_AddToCartTest - entering product name to search
06:50:38.882 [main] INFO  testCase.TC_005_AddToCartTest - clicking on search button
06:53:33.889 [main] INFO  testCase.TC_005_AddToCartTest - ***************starting TC_005_AddToCartTest**********
06:53:33.926 [main] INFO  testCase.TC_005_AddToCartTest - entering product name to search
06:53:34.113 [main] INFO  testCase.TC_005_AddToCartTest - clicking on search button
06:53:34.987 [main] INFO  testCase.TC_005_AddToCartTest - clicking on the searched product
06:53:36.208 [main] INFO  testCase.TC_005_AddToCartTest - entering quantity
06:53:36.462 [main] INFO  testCase.TC_005_AddToCartTest - clicking on add to cart button
06:53:36.963 [main] INFO  testCase.TC_005_AddToCartTest - ***************ending TC_005_AddToCartTest**********
10:53:06.622 [main] INFO  testCase.TC_005_AddToCartTest - ***************starting TC_005_AddToCartTest**********
10:53:06.661 [main] INFO  testCase.TC_005_AddToCartTest - entering product name to search
10:53:06.837 [main] INFO  testCase.TC_005_AddToCartTest - clicking on search button
10:53:07.837 [main] INFO  testCase.TC_005_AddToCartTest - clicking on the searched product
10:53:09.703 [main] INFO  testCase.TC_005_AddToCartTest - entering quantity
10:53:09.811 [main] INFO  testCase.TC_005_AddToCartTest - clicking on add to cart button
10:53:10.099 [main] INFO  testCase.TC_005_AddToCartTest - ***************ending TC_005_AddToCartTest**********
10:53:41.599 [main] INFO  testCase.TC_004_SearchProduct - *********starting TC_004_SearchProduct****************
10:53:41.636 [main] INFO  testCase.TC_004_SearchProduct - entering product name to search
10:53:41.800 [main] INFO  testCase.TC_004_SearchProduct - clicking on search button
10:53:42.772 [main] INFO  testCase.TC_004_SearchProduct - checking if searched product exists
10:53:42.920 [main] INFO  testCase.TC_004_SearchProduct - *********Ending TC_004_SearchProduct****************
10:53:45.726 [main] INFO  testCase.TC_005_AddToCartTest - ***************starting TC_005_AddToCartTest**********
10:53:45.727 [main] INFO  testCase.TC_005_AddToCartTest - entering product name to search
10:53:45.855 [main] INFO  testCase.TC_005_AddToCartTest - clicking on search button
10:53:46.767 [main] INFO  testCase.TC_005_AddToCartTest - clicking on the searched product
10:53:48.220 [main] INFO  testCase.TC_005_AddToCartTest - entering quantity
10:53:48.334 [main] INFO  testCase.TC_005_AddToCartTest - clicking on add to cart button
10:53:48.664 [main] INFO  testCase.TC_005_AddToCartTest - ***************ending TC_005_AddToCartTest**********
12:45:50.634 [main] INFO  testCase.TC_004_SearchProduct - *********starting TC_004_SearchProduct****************
12:45:50.657 [main] INFO  testCase.TC_004_SearchProduct - entering product name to search
12:45:50.788 [main] INFO  testCase.TC_004_SearchProduct - clicking on search button
12:45:51.174 [main] INFO  testCase.TC_004_SearchProduct - checking if searched product exists
12:45:51.285 [main] INFO  testCase.TC_004_SearchProduct - *********Ending TC_004_SearchProduct****************
12:45:52.948 [main] INFO  testCase.TC_005_AddToCartTest - ***************starting TC_005_AddToCartTest**********
12:45:52.948 [main] INFO  testCase.TC_005_AddToCartTest - entering product name to search
12:45:53.049 [main] INFO  testCase.TC_005_AddToCartTest - clicking on search button
12:45:53.467 [main] INFO  testCase.TC_005_AddToCartTest - clicking on the searched product
12:45:54.433 [main] INFO  testCase.TC_005_AddToCartTest - entering quantity
12:45:54.545 [main] INFO  testCase.TC_005_AddToCartTest - clicking on add to cart button
12:45:54.690 [main] INFO  testCase.TC_005_AddToCartTest - ***************ending TC_005_AddToCartTest**********
12:47:46.083 [TestNG-tests-1] INFO  testCase.TC_001_AccountRegistrationForm - ***************starting TC_001_AccountRegistrationTest*************
12:47:46.113 [TestNG-tests-1] INFO  testCase.TC_001_AccountRegistrationForm - clicking on My Account link
12:47:46.181 [TestNG-tests-1] INFO  testCase.TC_001_AccountRegistrationForm - clicking on register link
12:47:46.484 [TestNG-tests-1] INFO  testCase.TC_001_AccountRegistrationForm - providing customer details
12:47:46.911 [TestNG-tests-1] INFO  testCase.TC_001_AccountRegistrationForm - clicking on continue button
12:47:48.562 [TestNG-tests-2] INFO  testCase.TC_001_AccountRegistrationForm - ***************starting TC_001_AccountRegistrationTest*************
12:47:48.562 [TestNG-tests-2] INFO  testCase.TC_001_AccountRegistrationForm - clicking on My Account link
12:47:48.605 [TestNG-tests-2] INFO  testCase.TC_001_AccountRegistrationForm - clicking on register link
12:47:48.885 [TestNG-tests-2] INFO  testCase.TC_001_AccountRegistrationForm - providing customer details
12:47:49.287 [TestNG-tests-2] INFO  testCase.TC_001_AccountRegistrationForm - clicking on continue button
12:47:49.370 [TestNG-tests-1] INFO  testCase.TC_001_AccountRegistrationForm - verifying customer registration
12:47:49.370 [TestNG-tests-1] INFO  testCase.TC_001_AccountRegistrationForm - test passed..........
12:47:49.372 [TestNG-tests-1] INFO  testCase.TC_001_AccountRegistrationForm - ***************Finished TC_001_AccountRegistrationTest*************
10:59:33.016 [main] INFO  testCase.TC_005_AddToCartTest - ***************starting TC_005_AddToCartTest**********
10:59:33.030 [main] INFO  testCase.TC_005_AddToCartTest - entering product name to search
10:59:33.160 [main] INFO  testCase.TC_005_AddToCartTest - clicking on search button
10:59:33.592 [main] INFO  testCase.TC_005_AddToCartTest - clicking on the searched product
10:59:34.535 [main] INFO  testCase.TC_005_AddToCartTest - entering quantity
10:59:34.625 [main] INFO  testCase.TC_005_AddToCartTest - clicking on add to cart button
10:59:34.796 [main] INFO  testCase.TC_005_AddToCartTest - ***************ending TC_005_AddToCartTest**********
11:01:26.684 [main] INFO  testCase.TC_005_AddToCartTest - ***************starting TC_005_AddToCartTest**********
11:01:26.695 [main] INFO  testCase.TC_005_AddToCartTest - entering product name to search
11:01:26.827 [main] INFO  testCase.TC_005_AddToCartTest - clicking on search button
11:01:27.263 [main] INFO  testCase.TC_005_AddToCartTest - clicking on the searched product
11:05:51.210 [main] INFO  testCase.TC_005_AddToCartTest - ***************starting TC_005_AddToCartTest**********
11:05:51.224 [main] INFO  testCase.TC_005_AddToCartTest - entering product name to search
11:05:51.323 [main] INFO  testCase.TC_005_AddToCartTest - clicking on search button
11:05:51.792 [main] INFO  testCase.TC_005_AddToCartTest - clicking on the searched product
11:05:52.675 [main] INFO  testCase.TC_005_AddToCartTest - entering quantity
11:05:52.753 [main] INFO  testCase.TC_005_AddToCartTest - clicking on add to cart button
11:05:52.923 [main] INFO  testCase.TC_005_AddToCartTest - ***************ending TC_005_AddToCartTest**********
09:53:58.528 [TestNG-tests-1] INFO  testCase.TC_001_AccountRegistrationForm - ***************starting TC_001_AccountRegistrationTest*************
09:53:58.528 [TestNG-tests-2] INFO  testCase.TC_001_AccountRegistrationForm - ***************starting TC_001_AccountRegistrationTest*************
09:53:58.544 [TestNG-tests-1] INFO  testCase.TC_001_AccountRegistrationForm - clicking on My Account link
09:53:58.545 [TestNG-tests-2] INFO  testCase.TC_001_AccountRegistrationForm - clicking on My Account link
09:53:58.611 [TestNG-tests-2] INFO  testCase.TC_001_AccountRegistrationForm - clicking on register link
09:53:58.631 [TestNG-tests-1] INFO  testCase.TC_001_AccountRegistrationForm - clicking on register link
09:55:18.918 [TestNG-tests-1] INFO  testCase.TC_001_AccountRegistrationForm - ***************starting TC_001_AccountRegistrationTest*************
09:55:18.918 [TestNG-tests-2] INFO  testCase.TC_001_AccountRegistrationForm - ***************starting TC_001_AccountRegistrationTest*************
09:55:18.936 [TestNG-tests-2] INFO  testCase.TC_001_AccountRegistrationForm - clicking on My Account link
09:55:18.936 [TestNG-tests-1] INFO  testCase.TC_001_AccountRegistrationForm - clicking on My Account link
09:55:18.999 [TestNG-tests-2] INFO  testCase.TC_001_AccountRegistrationForm - clicking on register link
09:55:19.014 [TestNG-tests-1] INFO  testCase.TC_001_AccountRegistrationForm - clicking on register link
09:58:32.780 [main] INFO  testCase.TC_005_AddToCartTest - ***************starting TC_005_AddToCartTest**********
09:58:32.796 [main] INFO  testCase.TC_005_AddToCartTest - entering product name to search
09:58:32.922 [main] INFO  testCase.TC_005_AddToCartTest - clicking on search button
09:58:33.286 [main] INFO  testCase.TC_005_AddToCartTest - clicking on the searched product
09:58:34.199 [main] INFO  testCase.TC_005_AddToCartTest - entering quantity
09:58:34.280 [main] INFO  testCase.TC_005_AddToCartTest - clicking on add to cart button
09:58:34.494 [main] INFO  testCase.TC_005_AddToCartTest - ***************ending TC_005_AddToCartTest**********
09:58:53.847 [main] INFO  testCase.TC_003_LoginDataDrivenTest - *******starting TC_003_LoginDataDrivenTest**********
09:58:53.861 [main] INFO  testCase.TC_003_LoginDataDrivenTest - clicking on my account
09:58:53.910 [main] INFO  testCase.TC_003_LoginDataDrivenTest - clicking on login
09:58:54.169 [main] INFO  testCase.TC_003_LoginDataDrivenTest - entering email id
09:58:54.236 [main] INFO  testCase.TC_003_LoginDataDrivenTest - entering password
09:58:54.285 [main] INFO  testCase.TC_003_LoginDataDrivenTest - clicking on login button
09:58:54.476 [main] INFO  testCase.TC_003_LoginDataDrivenTest - verifying MyAccount label on my account page
09:59:04.514 [main] INFO  testCase.TC_003_LoginDataDrivenTest - validating invalid data
09:59:04.514 [main] INFO  testCase.TC_003_LoginDataDrivenTest - validating invalid data
09:59:04.518 [main] INFO  testCase.TC_003_LoginDataDrivenTest - ************finished TC_003_LoginDataDrivenTest*****************
09:59:04.538 [main] INFO  testCase.TC_003_LoginDataDrivenTest - *******starting TC_003_LoginDataDrivenTest**********
09:59:04.539 [main] INFO  testCase.TC_003_LoginDataDrivenTest - clicking on my account
09:59:04.582 [main] INFO  testCase.TC_003_LoginDataDrivenTest - clicking on login
09:59:04.784 [main] INFO  testCase.TC_003_LoginDataDrivenTest - entering email id
09:59:04.851 [main] INFO  testCase.TC_003_LoginDataDrivenTest - entering password
09:59:04.900 [main] INFO  testCase.TC_003_LoginDataDrivenTest - clicking on login button
09:59:05.064 [main] INFO  testCase.TC_003_LoginDataDrivenTest - verifying MyAccount label on my account page
09:59:15.070 [main] INFO  testCase.TC_003_LoginDataDrivenTest - validating valid data
09:59:15.255 [main] INFO  testCase.TC_003_LoginDataDrivenTest - *******starting TC_003_LoginDataDrivenTest**********
09:59:15.255 [main] INFO  testCase.TC_003_LoginDataDrivenTest - clicking on my account
09:59:15.302 [main] INFO  testCase.TC_003_LoginDataDrivenTest - clicking on login
09:59:15.516 [main] INFO  testCase.TC_003_LoginDataDrivenTest - entering email id
09:59:15.583 [main] INFO  testCase.TC_003_LoginDataDrivenTest - entering password
09:59:15.629 [main] INFO  testCase.TC_003_LoginDataDrivenTest - clicking on login button
09:59:15.812 [main] INFO  testCase.TC_003_LoginDataDrivenTest - verifying MyAccount label on my account page
09:59:25.822 [main] INFO  testCase.TC_003_LoginDataDrivenTest - validating invalid data
09:59:25.822 [main] INFO  testCase.TC_003_LoginDataDrivenTest - validating invalid data
09:59:25.822 [main] INFO  testCase.TC_003_LoginDataDrivenTest - ************finished TC_003_LoginDataDrivenTest*****************
09:59:25.825 [main] INFO  testCase.TC_003_LoginDataDrivenTest - *******starting TC_003_LoginDataDrivenTest**********
09:59:25.825 [main] INFO  testCase.TC_003_LoginDataDrivenTest - clicking on my account
09:59:25.861 [main] INFO  testCase.TC_003_LoginDataDrivenTest - clicking on login
09:59:26.015 [main] INFO  testCase.TC_003_LoginDataDrivenTest - entering email id
09:59:26.098 [main] INFO  testCase.TC_003_LoginDataDrivenTest - entering password
09:59:26.148 [main] INFO  testCase.TC_003_LoginDataDrivenTest - clicking on login button
09:59:26.317 [main] INFO  testCase.TC_003_LoginDataDrivenTest - verifying MyAccount label on my account page
09:59:36.328 [main] INFO  testCase.TC_003_LoginDataDrivenTest - validating valid data
10:03:53.060 [main] INFO  testCase.TC_003_LoginDataDrivenTest - *******starting TC_003_LoginDataDrivenTest**********
10:03:53.072 [main] INFO  testCase.TC_003_LoginDataDrivenTest - clicking on my account
10:03:53.116 [main] INFO  testCase.TC_003_LoginDataDrivenTest - clicking on login
10:03:53.359 [main] INFO  testCase.TC_003_LoginDataDrivenTest - entering email id
10:03:53.431 [main] INFO  testCase.TC_003_LoginDataDrivenTest - entering password
10:03:53.474 [main] INFO  testCase.TC_003_LoginDataDrivenTest - clicking on login button
10:03:53.673 [main] INFO  testCase.TC_003_LoginDataDrivenTest - verifying MyAccount label on my account page
10:04:03.721 [main] INFO  testCase.TC_003_LoginDataDrivenTest - validating invalid data
10:04:03.721 [main] INFO  testCase.TC_003_LoginDataDrivenTest - validating invalid data
10:04:03.723 [main] INFO  testCase.TC_003_LoginDataDrivenTest - ************finished TC_003_LoginDataDrivenTest*****************
10:04:03.748 [main] INFO  testCase.TC_003_LoginDataDrivenTest - *******starting TC_003_LoginDataDrivenTest**********
10:04:03.749 [main] INFO  testCase.TC_003_LoginDataDrivenTest - clicking on my account
10:04:03.791 [main] INFO  testCase.TC_003_LoginDataDrivenTest - clicking on login
10:04:03.947 [main] INFO  testCase.TC_003_LoginDataDrivenTest - entering email id
10:04:04.015 [main] INFO  testCase.TC_003_LoginDataDrivenTest - entering password
10:04:04.063 [main] INFO  testCase.TC_003_LoginDataDrivenTest - clicking on login button
10:04:04.219 [main] INFO  testCase.TC_003_LoginDataDrivenTest - verifying MyAccount label on my account page
10:04:14.252 [main] INFO  testCase.TC_003_LoginDataDrivenTest - validating valid data
10:04:14.413 [main] INFO  testCase.TC_003_LoginDataDrivenTest - *******starting TC_003_LoginDataDrivenTest**********
10:04:14.413 [main] INFO  testCase.TC_003_LoginDataDrivenTest - clicking on my account
10:04:14.453 [main] INFO  testCase.TC_003_LoginDataDrivenTest - clicking on login
10:04:14.642 [main] INFO  testCase.TC_003_LoginDataDrivenTest - entering email id
10:04:14.719 [main] INFO  testCase.TC_003_LoginDataDrivenTest - entering password
10:04:14.765 [main] INFO  testCase.TC_003_LoginDataDrivenTest - clicking on login button
10:04:14.961 [main] INFO  testCase.TC_003_LoginDataDrivenTest - verifying MyAccount label on my account page
10:04:24.995 [main] INFO  testCase.TC_003_LoginDataDrivenTest - validating invalid data
10:04:24.995 [main] INFO  testCase.TC_003_LoginDataDrivenTest - validating invalid data
10:04:24.995 [main] INFO  testCase.TC_003_LoginDataDrivenTest - ************finished TC_003_LoginDataDrivenTest*****************
10:04:25.001 [main] INFO  testCase.TC_003_LoginDataDrivenTest - *******starting TC_003_LoginDataDrivenTest**********
10:04:25.001 [main] INFO  testCase.TC_003_LoginDataDrivenTest - clicking on my account
10:04:25.052 [main] INFO  testCase.TC_003_LoginDataDrivenTest - clicking on login
10:04:25.228 [main] INFO  testCase.TC_003_LoginDataDrivenTest - entering email id
10:04:25.299 [main] INFO  testCase.TC_003_LoginDataDrivenTest - entering password
10:04:25.343 [main] INFO  testCase.TC_003_LoginDataDrivenTest - clicking on login button
10:04:25.514 [main] INFO  testCase.TC_003_LoginDataDrivenTest - verifying MyAccount label on my account page
10:04:35.531 [main] INFO  testCase.TC_003_LoginDataDrivenTest - validating valid data
10:16:37.241 [main] INFO  testCase.TC_003_LoginDataDrivenTest - *******starting TC_003_LoginDataDrivenTest**********
10:16:37.255 [main] INFO  testCase.TC_003_LoginDataDrivenTest - clicking on my account
10:16:37.303 [main] INFO  testCase.TC_003_LoginDataDrivenTest - clicking on login
10:16:37.518 [main] INFO  testCase.TC_003_LoginDataDrivenTest - entering email id
10:16:37.588 [main] INFO  testCase.TC_003_LoginDataDrivenTest - entering password
10:16:37.638 [main] INFO  testCase.TC_003_LoginDataDrivenTest - clicking on login button
10:16:37.825 [main] INFO  testCase.TC_003_LoginDataDrivenTest - verifying MyAccount label on my account page
10:16:47.864 [main] INFO  testCase.TC_003_LoginDataDrivenTest - validating invalid data
10:16:47.864 [main] INFO  testCase.TC_003_LoginDataDrivenTest - validating invalid data
10:16:47.867 [main] INFO  testCase.TC_003_LoginDataDrivenTest - ************finished TC_003_LoginDataDrivenTest*****************
10:16:47.883 [main] INFO  testCase.TC_003_LoginDataDrivenTest - *******starting TC_003_LoginDataDrivenTest**********
10:16:47.883 [main] INFO  testCase.TC_003_LoginDataDrivenTest - clicking on my account
10:16:47.918 [main] INFO  testCase.TC_003_LoginDataDrivenTest - clicking on login
10:16:48.088 [main] INFO  testCase.TC_003_LoginDataDrivenTest - entering email id
10:16:48.159 [main] INFO  testCase.TC_003_LoginDataDrivenTest - entering password
10:16:48.204 [main] INFO  testCase.TC_003_LoginDataDrivenTest - clicking on login button
10:16:48.379 [main] INFO  testCase.TC_003_LoginDataDrivenTest - verifying MyAccount label on my account page
10:16:58.413 [main] INFO  testCase.TC_003_LoginDataDrivenTest - validating valid data
10:16:58.577 [main] INFO  testCase.TC_003_LoginDataDrivenTest - *******starting TC_003_LoginDataDrivenTest**********
10:16:58.578 [main] INFO  testCase.TC_003_LoginDataDrivenTest - clicking on my account
10:16:58.615 [main] INFO  testCase.TC_003_LoginDataDrivenTest - clicking on login
10:16:58.800 [main] INFO  testCase.TC_003_LoginDataDrivenTest - entering email id
10:16:58.871 [main] INFO  testCase.TC_003_LoginDataDrivenTest - entering password
10:16:58.918 [main] INFO  testCase.TC_003_LoginDataDrivenTest - clicking on login button
10:16:59.094 [main] INFO  testCase.TC_003_LoginDataDrivenTest - verifying MyAccount label on my account page
10:17:09.121 [main] INFO  testCase.TC_003_LoginDataDrivenTest - validating invalid data
10:17:09.121 [main] INFO  testCase.TC_003_LoginDataDrivenTest - validating invalid data
10:17:09.121 [main] INFO  testCase.TC_003_LoginDataDrivenTest - ************finished TC_003_LoginDataDrivenTest*****************
10:17:09.126 [main] INFO  testCase.TC_003_LoginDataDrivenTest - *******starting TC_003_LoginDataDrivenTest**********
10:17:09.127 [main] INFO  testCase.TC_003_LoginDataDrivenTest - clicking on my account
10:17:09.170 [main] INFO  testCase.TC_003_LoginDataDrivenTest - clicking on login
10:17:09.339 [main] INFO  testCase.TC_003_LoginDataDrivenTest - entering email id
10:17:09.416 [main] INFO  testCase.TC_003_LoginDataDrivenTest - entering password
10:17:09.461 [main] INFO  testCase.TC_003_LoginDataDrivenTest - clicking on login button
10:17:09.647 [main] INFO  testCase.TC_003_LoginDataDrivenTest - verifying MyAccount label on my account page
10:17:19.659 [main] INFO  testCase.TC_003_LoginDataDrivenTest - validating valid data
10:21:44.812 [main] INFO  testCase.TC_001_AccountRegistrationForm - ***************starting TC_001_AccountRegistrationTest*************
10:21:44.823 [main] INFO  testCase.TC_001_AccountRegistrationForm - clicking on My Account link
10:21:44.877 [main] INFO  testCase.TC_001_AccountRegistrationForm - clicking on register link
10:21:45.198 [main] INFO  testCase.TC_001_AccountRegistrationForm - providing customer details
10:21:45.560 [main] INFO  testCase.TC_001_AccountRegistrationForm - clicking on continue button
10:21:48.014 [main] INFO  testCase.TC_001_AccountRegistrationForm - verifying customer registration
10:21:48.014 [main] INFO  testCase.TC_001_AccountRegistrationForm - test passed..........
10:21:48.015 [main] INFO  testCase.TC_001_AccountRegistrationForm - ***************Finished TC_001_AccountRegistrationTest*************
10:24:43.967 [main] INFO  testCase.TC_003_LoginDataDrivenTest - *******starting TC_003_LoginDataDrivenTest**********
10:24:43.983 [main] INFO  testCase.TC_003_LoginDataDrivenTest - clicking on my account
10:24:44.041 [main] INFO  testCase.TC_003_LoginDataDrivenTest - clicking on login
10:24:44.283 [main] INFO  testCase.TC_003_LoginDataDrivenTest - entering email id
10:24:44.360 [main] INFO  testCase.TC_003_LoginDataDrivenTest - entering password
10:24:44.409 [main] INFO  testCase.TC_003_LoginDataDrivenTest - clicking on login button
10:24:44.573 [main] INFO  testCase.TC_003_LoginDataDrivenTest - verifying MyAccount label on my account page
10:24:54.633 [main] INFO  testCase.TC_003_LoginDataDrivenTest - validating invalid data
10:24:54.633 [main] INFO  testCase.TC_003_LoginDataDrivenTest - validating invalid data
10:24:54.636 [main] INFO  testCase.TC_003_LoginDataDrivenTest - ************finished TC_003_LoginDataDrivenTest*****************
10:24:54.659 [main] INFO  testCase.TC_003_LoginDataDrivenTest - *******starting TC_003_LoginDataDrivenTest**********
10:24:54.660 [main] INFO  testCase.TC_003_LoginDataDrivenTest - clicking on my account
10:24:54.700 [main] INFO  testCase.TC_003_LoginDataDrivenTest - clicking on login
10:24:54.866 [main] INFO  testCase.TC_003_LoginDataDrivenTest - entering email id
10:24:54.947 [main] INFO  testCase.TC_003_LoginDataDrivenTest - entering password
10:24:54.994 [main] INFO  testCase.TC_003_LoginDataDrivenTest - clicking on login button
10:24:55.279 [main] INFO  testCase.TC_003_LoginDataDrivenTest - verifying MyAccount label on my account page
10:24:55.313 [main] INFO  testCase.TC_003_LoginDataDrivenTest - validating valid data
10:24:55.560 [main] INFO  testCase.TC_003_LoginDataDrivenTest - ************finished TC_003_LoginDataDrivenTest*****************
10:24:55.565 [main] INFO  testCase.TC_003_LoginDataDrivenTest - *******starting TC_003_LoginDataDrivenTest**********
10:24:55.565 [main] INFO  testCase.TC_003_LoginDataDrivenTest - clicking on my account
10:24:55.599 [main] INFO  testCase.TC_003_LoginDataDrivenTest - clicking on login
10:24:55.780 [main] INFO  testCase.TC_003_LoginDataDrivenTest - entering email id
10:24:55.835 [main] INFO  testCase.TC_003_LoginDataDrivenTest - entering password
10:24:55.882 [main] INFO  testCase.TC_003_LoginDataDrivenTest - clicking on login button
10:24:56.047 [main] INFO  testCase.TC_003_LoginDataDrivenTest - verifying MyAccount label on my account page
10:25:06.114 [main] INFO  testCase.TC_003_LoginDataDrivenTest - validating invalid data
10:25:06.114 [main] INFO  testCase.TC_003_LoginDataDrivenTest - validating invalid data
10:25:06.114 [main] INFO  testCase.TC_003_LoginDataDrivenTest - ************finished TC_003_LoginDataDrivenTest*****************
10:25:06.119 [main] INFO  testCase.TC_003_LoginDataDrivenTest - *******starting TC_003_LoginDataDrivenTest**********
10:25:06.120 [main] INFO  testCase.TC_003_LoginDataDrivenTest - clicking on my account
10:25:06.175 [main] INFO  testCase.TC_003_LoginDataDrivenTest - clicking on login
10:25:06.365 [main] INFO  testCase.TC_003_LoginDataDrivenTest - entering email id
10:25:06.445 [main] INFO  testCase.TC_003_LoginDataDrivenTest - entering password
10:25:06.492 [main] INFO  testCase.TC_003_LoginDataDrivenTest - clicking on login button
10:25:06.738 [main] INFO  testCase.TC_003_LoginDataDrivenTest - verifying MyAccount label on my account page
10:25:06.768 [main] INFO  testCase.TC_003_LoginDataDrivenTest - validating valid data
10:25:06.993 [main] INFO  testCase.TC_003_LoginDataDrivenTest - ************finished TC_003_LoginDataDrivenTest*****************
10:27:28.945 [TestNG-tests-2] INFO  testCase.TC_001_AccountRegistrationForm - ***************starting TC_001_AccountRegistrationTest*************
10:27:28.945 [TestNG-tests-1] INFO  testCase.TC_001_AccountRegistrationForm - ***************starting TC_001_AccountRegistrationTest*************
10:27:28.960 [TestNG-tests-1] INFO  testCase.TC_001_AccountRegistrationForm - clicking on My Account link
10:27:28.960 [TestNG-tests-2] INFO  testCase.TC_001_AccountRegistrationForm - clicking on My Account link
10:27:29.042 [TestNG-tests-1] INFO  testCase.TC_001_AccountRegistrationForm - clicking on register link
10:27:29.064 [TestNG-tests-2] INFO  testCase.TC_001_AccountRegistrationForm - clicking on register link
10:31:40.004 [TestNG-tests-2] INFO  testCase.TC_002_LoginTest - ************starting TC_002_login_test*****************
10:31:40.004 [TestNG-tests-1] INFO  testCase.TC_002_LoginTest - ************starting TC_002_login_test*****************
10:31:40.018 [TestNG-tests-2] INFO  testCase.TC_002_LoginTest - clicking on my account
10:31:40.018 [TestNG-tests-1] INFO  testCase.TC_002_LoginTest - clicking on my account
10:31:40.077 [TestNG-tests-1] INFO  testCase.TC_002_LoginTest - clicking on login
10:31:40.091 [TestNG-tests-2] INFO  testCase.TC_002_LoginTest - clicking on login
10:33:56.949 [main] INFO  testCase.TC_002_LoginTest - ************starting TC_002_login_test*****************
10:33:56.964 [main] INFO  testCase.TC_002_LoginTest - clicking on my account
10:33:57.017 [main] INFO  testCase.TC_002_LoginTest - clicking on login
10:33:57.255 [main] INFO  testCase.TC_002_LoginTest - enetring email id
10:33:57.315 [main] INFO  testCase.TC_002_LoginTest - entering password
10:33:57.366 [main] INFO  testCase.TC_002_LoginTest - clicking on login button
10:33:57.615 [main] INFO  testCase.TC_002_LoginTest - verifying MyAccount label on my account page
10:33:57.653 [main] INFO  testCase.TC_002_LoginTest - ************finished TC_002_login_test*****************
10:53:27.278 [main] INFO  testCase.TC_002_LoginTest - ************starting TC_002_login_test*****************
10:53:27.293 [main] INFO  testCase.TC_002_LoginTest - clicking on my account
10:53:27.349 [main] INFO  testCase.TC_002_LoginTest - clicking on login
10:53:27.580 [main] INFO  testCase.TC_002_LoginTest - enetring email id
10:53:27.651 [main] INFO  testCase.TC_002_LoginTest - entering password
10:53:27.699 [main] INFO  testCase.TC_002_LoginTest - clicking on login button
10:53:27.929 [main] INFO  testCase.TC_002_LoginTest - verifying MyAccount label on my account page
10:53:27.965 [main] INFO  testCase.TC_002_LoginTest - ************finished TC_002_login_test*****************
10:53:29.678 [main] INFO  testCase.TC_002_LoginTest - ************starting TC_002_login_test*****************
10:53:29.679 [main] INFO  testCase.TC_002_LoginTest - clicking on my account
10:53:29.734 [main] INFO  testCase.TC_002_LoginTest - clicking on login
10:53:29.935 [main] INFO  testCase.TC_002_LoginTest - enetring email id
10:53:30.027 [main] INFO  testCase.TC_002_LoginTest - entering password
10:53:30.074 [main] INFO  testCase.TC_002_LoginTest - clicking on login button
10:53:30.307 [main] INFO  testCase.TC_002_LoginTest - verifying MyAccount label on my account page
10:53:30.335 [main] INFO  testCase.TC_002_LoginTest - ************finished TC_002_login_test*****************
10:54:52.504 [TestNG-tests-1] INFO  testCase.TC_002_LoginTest - ************starting TC_002_login_test*****************
10:54:52.503 [TestNG-tests-2] INFO  testCase.TC_002_LoginTest - ************starting TC_002_login_test*****************
10:54:52.524 [TestNG-tests-1] INFO  testCase.TC_002_LoginTest - clicking on my account
10:54:52.525 [TestNG-tests-2] INFO  testCase.TC_002_LoginTest - clicking on my account
10:54:52.587 [TestNG-tests-2] INFO  testCase.TC_002_LoginTest - clicking on login
10:54:52.603 [TestNG-tests-1] INFO  testCase.TC_002_LoginTest - clicking on login
10:55:28.665 [TestNG-tests-1] INFO  testCase.TC_002_LoginTest - ************starting TC_002_login_test*****************
10:55:28.665 [TestNG-tests-2] INFO  testCase.TC_002_LoginTest - ************starting TC_002_login_test*****************
10:55:28.681 [TestNG-tests-2] INFO  testCase.TC_002_LoginTest - clicking on my account
10:55:28.681 [TestNG-tests-1] INFO  testCase.TC_002_LoginTest - clicking on my account
10:55:28.759 [TestNG-tests-1] INFO  testCase.TC_002_LoginTest - clicking on login
10:55:28.802 [TestNG-tests-2] INFO  testCase.TC_002_LoginTest - clicking on login
10:55:51.969 [TestNG-tests-1] INFO  testCase.TC_002_LoginTest - ************starting TC_002_login_test*****************
10:55:51.982 [TestNG-tests-1] INFO  testCase.TC_002_LoginTest - clicking on my account
10:55:52.031 [TestNG-tests-1] INFO  testCase.TC_002_LoginTest - clicking on login
10:55:52.260 [TestNG-tests-1] INFO  testCase.TC_002_LoginTest - enetring email id
10:55:52.330 [TestNG-tests-1] INFO  testCase.TC_002_LoginTest - entering password
10:55:52.384 [TestNG-tests-1] INFO  testCase.TC_002_LoginTest - clicking on login button
10:55:52.717 [TestNG-tests-1] INFO  testCase.TC_002_LoginTest - verifying MyAccount label on my account page
10:55:52.804 [TestNG-tests-1] INFO  testCase.TC_002_LoginTest - ************finished TC_002_login_test*****************
10:55:53.581 [TestNG-tests-2] INFO  testCase.TC_002_LoginTest - ************starting TC_002_login_test*****************
10:55:53.582 [TestNG-tests-2] INFO  testCase.TC_002_LoginTest - clicking on my account
10:55:53.632 [TestNG-tests-2] INFO  testCase.TC_002_LoginTest - clicking on login
10:55:53.830 [TestNG-tests-2] INFO  testCase.TC_002_LoginTest - enetring email id
10:55:53.909 [TestNG-tests-2] INFO  testCase.TC_002_LoginTest - entering password
10:55:53.958 [TestNG-tests-2] INFO  testCase.TC_002_LoginTest - clicking on login button
10:55:54.188 [TestNG-tests-2] INFO  testCase.TC_002_LoginTest - verifying MyAccount label on my account page
10:55:54.223 [TestNG-tests-2] INFO  testCase.TC_002_LoginTest - ************finished TC_002_login_test*****************
